SF:/home/jordi/works/rust/rustcut/src/config/database.rs
FN:7,_RNvNtNtCsj8D8oY7Jkn7_9shortener6config8database13connect_to_db
FN:137,_RNvNtNtCsj8D8oY7Jkn7_9shortener6config8database13generate_keys
FN:70,_RNvNtNtCsj8D8oY7Jkn7_9shortener6config8database9seed_data
FN:150,_RNCNvNtNtNtCsj8D8oY7Jkn7_9shortener6config8database13connect_tests35connect_to_db_creates_db_and_tables0B9_
FN:151,_RNCNvNtNtNtCsj8D8oY7Jkn7_9shortener6config8database13connect_testss_35connect_to_db_creates_db_and_tables0B9_
FN:179,_RNvNtNtNtCsj8D8oY7Jkn7_9shortener6config8database5testss_26seed_data_populates_tables
FN:179,_RNCNvNtNtNtCsj8D8oY7Jkn7_9shortener6config8database5testss_26seed_data_populates_tables0B9_
FN:178,_RNCNvNtNtNtCsj8D8oY7Jkn7_9shortener6config8database5tests26seed_data_populates_tables0B9_
FN:151,_RNvNtNtNtCsj8D8oY7Jkn7_9shortener6config8database13connect_testss_35connect_to_db_creates_db_and_tables
FN:7,_RNCNvNtNtCsj8D8oY7Jkn7_9shortener6config8database13connect_to_db0B7_
FN:70,_RNCNvNtNtCsj8D8oY7Jkn7_9shortener6config8database9seed_data0B7_
FN:7,_RNvNtNtCseXfsMIIEWXV_9shortener6config8database13connect_to_db
FN:70,_RNvNtNtCseXfsMIIEWXV_9shortener6config8database9seed_data
FN:137,_RNvNtNtCseXfsMIIEWXV_9shortener6config8database13generate_keys
FN:7,_RNCNvNtNtCseXfsMIIEWXV_9shortener6config8database13connect_to_db0B7_
FN:70,_RNCNvNtNtCseXfsMIIEWXV_9shortener6config8database9seed_data0B7_
FNDA:1,_RNvNtNtCsj8D8oY7Jkn7_9shortener6config8database13connect_to_db
FNDA:2,_RNvNtNtCsj8D8oY7Jkn7_9shortener6config8database13generate_keys
FNDA:2,_RNvNtNtCsj8D8oY7Jkn7_9shortener6config8database9seed_data
FNDA:1,_RNCNvNtNtNtCsj8D8oY7Jkn7_9shortener6config8database13connect_tests35connect_to_db_creates_db_and_tables0B9_
FNDA:1,_RNCNvNtNtNtCsj8D8oY7Jkn7_9shortener6config8database13connect_testss_35connect_to_db_creates_db_and_tables0B9_
FNDA:1,_RNvNtNtNtCsj8D8oY7Jkn7_9shortener6config8database5testss_26seed_data_populates_tables
FNDA:1,_RNCNvNtNtNtCsj8D8oY7Jkn7_9shortener6config8database5testss_26seed_data_populates_tables0B9_
FNDA:1,_RNCNvNtNtNtCsj8D8oY7Jkn7_9shortener6config8database5tests26seed_data_populates_tables0B9_
FNDA:1,_RNvNtNtNtCsj8D8oY7Jkn7_9shortener6config8database13connect_testss_35connect_to_db_creates_db_and_tables
FNDA:1,_RNCNvNtNtCsj8D8oY7Jkn7_9shortener6config8database13connect_to_db0B7_
FNDA:2,_RNCNvNtNtCsj8D8oY7Jkn7_9shortener6config8database9seed_data0B7_
FNDA:0,_RNvNtNtCseXfsMIIEWXV_9shortener6config8database13connect_to_db
FNDA:0,_RNvNtNtCseXfsMIIEWXV_9shortener6config8database9seed_data
FNDA:0,_RNvNtNtCseXfsMIIEWXV_9shortener6config8database13generate_keys
FNDA:0,_RNCNvNtNtCseXfsMIIEWXV_9shortener6config8database13connect_to_db0B7_
FNDA:0,_RNCNvNtNtCseXfsMIIEWXV_9shortener6config8database9seed_data0B7_
FNF:11
FNH:11
DA:7,1
DA:8,1
DA:9,1
DA:10,1
DA:12,3
DA:15,1
DA:16,1
DA:17,1
DA:18,1
DA:19,1
DA:20,1
DA:21,1
DA:22,1
DA:23,1
DA:24,1
DA:25,1
DA:26,2
DA:29,1
DA:30,1
DA:31,1
DA:32,1
DA:33,1
DA:34,1
DA:35,1
DA:36,1
DA:37,1
DA:38,1
DA:39,1
DA:40,1
DA:41,1
DA:42,1
DA:43,1
DA:44,1
DA:45,5
DA:47,1
DA:48,1
DA:49,1
DA:50,1
DA:51,1
DA:52,1
DA:53,1
DA:54,1
DA:55,1
DA:56,1
DA:57,1
DA:58,1
DA:59,1
DA:60,1
DA:61,1
DA:62,4
DA:65,26
DA:67,1
DA:68,1
DA:70,2
DA:71,2
DA:72,2
DA:73,2
DA:74,2
DA:75,2
DA:77,6
DA:78,4
DA:79,4
DA:80,4
DA:81,4
DA:82,4
DA:83,4
DA:84,4
DA:85,4
DA:86,4
DA:87,4
DA:88,4
DA:89,4
DA:90,4
DA:91,10
DA:94,2
DA:95,2
DA:96,2
DA:97,4
DA:98,2
DA:99,2
DA:100,2
DA:101,2
DA:102,2
DA:103,2
DA:104,2
DA:105,2
DA:106,2
DA:107,2
DA:108,2
DA:109,2
DA:110,2
DA:111,2
DA:112,2
DA:113,2
DA:114,5
DA:117,2
DA:119,22
DA:120,20
DA:121,20
DA:122,20
DA:123,20
DA:124,20
DA:125,20
DA:126,20
DA:127,20
DA:128,20
DA:129,20
DA:130,20
DA:131,50
DA:134,2
DA:135,2
DA:137,2
DA:138,2
DA:139,22
DA:140,20
DA:141,20
DA:142,2
DA:143,2
DA:150,1
DA:151,1
DA:153,40
DA:156,1
DA:157,1
DA:158,2
DA:159,1
DA:162,1
DA:163,1
DA:164,1
DA:165,1
DA:167,1
DA:178,1
DA:179,1
DA:180,3
DA:183,1
DA:184,1
DA:185,1
DA:186,1
DA:187,1
DA:188,1
DA:189,1
DA:190,2
DA:192,1
DA:193,1
DA:194,1
DA:195,1
DA:196,1
DA:197,1
DA:198,1
DA:199,1
DA:200,1
DA:201,1
DA:202,3
DA:204,1
DA:205,1
DA:206,1
DA:207,1
DA:208,3
DA:210,1
DA:211,1
DA:212,1
DA:213,1
DA:214,1
DA:215,1
DA:216,3
DA:219,39
DA:222,3
DA:223,1
DA:226,3
DA:227,1
DA:230,3
DA:231,1
DA:233,1
BRF:0
BRH:0
LF:176
LH:176
end_of_record
SF:/home/jordi/works/rust/rustcut/src/config/env.rs
FN:5,_RNvXs1_NtNtCsj8D8oY7Jkn7_9shortener6config3envNtB5_9AppConfigNtNtCs5wl7SwbbLJN_12clap_builder6derive14FromArgMatches16from_arg_matches
FN:5,_RNvXs1_NtNtCsj8D8oY7Jkn7_9shortener6config3envNtB5_9AppConfigNtNtCs5wl7SwbbLJN_12clap_builder6derive14FromArgMatches27update_from_arg_matches_mut
FN:5,_RNvXs2_NtNtCsj8D8oY7Jkn7_9shortener6config3envNtB5_9AppConfigNtNtCs5wl7SwbbLJN_12clap_builder6derive4Args8group_id
FN:5,_RNvXs0_NtNtCsj8D8oY7Jkn7_9shortener6config3envNtB5_9AppConfigNtNtCs5wl7SwbbLJN_12clap_builder6derive14CommandFactory18command_for_update
FN:5,_RNvXs2_NtNtCsj8D8oY7Jkn7_9shortener6config3envNtB5_9AppConfigNtNtCs5wl7SwbbLJN_12clap_builder6derive4Args23augment_args_for_update
FN:15,_RNCNvXs1_NtNtCsj8D8oY7Jkn7_9shortener6config3envNtB7_9AppConfigNtNtCs5wl7SwbbLJN_12clap_builder6derive14FromArgMatches27update_from_arg_matches_muts0_0Bb_
FN:9,_RNCNvXs1_NtNtCsj8D8oY7Jkn7_9shortener6config3envNtB7_9AppConfigNtNtCs5wl7SwbbLJN_12clap_builder6derive14FromArgMatches27update_from_arg_matches_mut0Bb_
FN:12,_RNCNvXs1_NtNtCsj8D8oY7Jkn7_9shortener6config3envNtB7_9AppConfigNtNtCs5wl7SwbbLJN_12clap_builder6derive14FromArgMatches27update_from_arg_matches_muts_0Bb_
FN:5,_RNvXs3_NtNtCsj8D8oY7Jkn7_9shortener6config3envNtB5_9AppConfigNtNtCs2TW8dYrBCkv_4core3fmt5Debug3fmtB9_
FN:5,_RNvXs1_NtNtCsj8D8oY7Jkn7_9shortener6config3envNtB5_9AppConfigNtNtCs5wl7SwbbLJN_12clap_builder6derive14FromArgMatches23update_from_arg_matches
FN:83,_RNCNvNtNtNtCsj8D8oY7Jkn7_9shortener6config3env5tests44from_env_and_args_ignores_test_harness_flags0B9_
FN:56,_RNCNvNtNtNtCsj8D8oY7Jkn7_9shortener6config3env5tests48from_env_and_args_respects_env_vars_and_defaults0B9_
FN:57,_RNvNtNtNtCsj8D8oY7Jkn7_9shortener6config3env5testss_48from_env_and_args_respects_env_vars_and_defaults
FN:84,_RNvNtNtNtCsj8D8oY7Jkn7_9shortener6config3env5testss_44from_env_and_args_ignores_test_harness_flags
FN:5,_RNvXs4_NtNtCsj8D8oY7Jkn7_9shortener6config3envNtB5_9AppConfigNtNtCs2TW8dYrBCkv_4core5clone5Clone5cloneB9_
FN:19,_RNvMNtNtCsj8D8oY7Jkn7_9shortener6config3envNtB2_9AppConfig17from_env_and_args
FN:5,_RNvXs0_NtNtCsj8D8oY7Jkn7_9shortener6config3envNtB5_9AppConfigNtNtCs5wl7SwbbLJN_12clap_builder6derive14CommandFactory7command
FN:5,_RNvXs2_NtNtCsj8D8oY7Jkn7_9shortener6config3envNtB5_9AppConfigNtNtCs5wl7SwbbLJN_12clap_builder6derive4Args12augment_args
FN:12,_RNCNvXs1_NtNtCsj8D8oY7Jkn7_9shortener6config3envNtB7_9AppConfigNtNtCs5wl7SwbbLJN_12clap_builder6derive14FromArgMatches20from_arg_matches_muts_0Bb_
FN:15,_RNCNvXs1_NtNtCsj8D8oY7Jkn7_9shortener6config3envNtB7_9AppConfigNtNtCs5wl7SwbbLJN_12clap_builder6derive14FromArgMatches20from_arg_matches_muts0_0Bb_
FN:37,_RNCNvMNtNtCsj8D8oY7Jkn7_9shortener6config3envNtB4_9AppConfig17from_env_and_args0B8_
FN:38,_RNCNCNvMNtNtCsj8D8oY7Jkn7_9shortener6config3envNtB6_9AppConfig17from_env_and_args00Ba_
FN:9,_RNCNvXs1_NtNtCsj8D8oY7Jkn7_9shortener6config3envNtB7_9AppConfigNtNtCs5wl7SwbbLJN_12clap_builder6derive14FromArgMatches20from_arg_matches_mut0Bb_
FN:12,_RNCNvXs1_NtNtCseXfsMIIEWXV_9shortener6config3envNtB7_9AppConfigNtNtCs5wl7SwbbLJN_12clap_builder6derive14FromArgMatches27update_from_arg_matches_muts_0Bb_
FN:9,_RNCNvXs1_NtNtCseXfsMIIEWXV_9shortener6config3envNtB7_9AppConfigNtNtCs5wl7SwbbLJN_12clap_builder6derive14FromArgMatches27update_from_arg_matches_mut0Bb_
FN:5,_RNvXs2_NtNtCseXfsMIIEWXV_9shortener6config3envNtB5_9AppConfigNtNtCs5wl7SwbbLJN_12clap_builder6derive4Args23augment_args_for_update
FN:5,_RNvXs1_NtNtCseXfsMIIEWXV_9shortener6config3envNtB5_9AppConfigNtNtCs5wl7SwbbLJN_12clap_builder6derive14FromArgMatches16from_arg_matches
FN:5,_RNvXs3_NtNtCseXfsMIIEWXV_9shortener6config3envNtB5_9AppConfigNtNtCs2TW8dYrBCkv_4core3fmt5Debug3fmtB9_
FN:5,_RNvXs2_NtNtCseXfsMIIEWXV_9shortener6config3envNtB5_9AppConfigNtNtCs5wl7SwbbLJN_12clap_builder6derive4Args8group_id
FN:5,_RNvXs1_NtNtCseXfsMIIEWXV_9shortener6config3envNtB5_9AppConfigNtNtCs5wl7SwbbLJN_12clap_builder6derive14FromArgMatches27update_from_arg_matches_mut
FN:15,_RNCNvXs1_NtNtCseXfsMIIEWXV_9shortener6config3envNtB7_9AppConfigNtNtCs5wl7SwbbLJN_12clap_builder6derive14FromArgMatches27update_from_arg_matches_muts0_0Bb_
FN:5,_RNvXs0_NtNtCseXfsMIIEWXV_9shortener6config3envNtB5_9AppConfigNtNtCs5wl7SwbbLJN_12clap_builder6derive14CommandFactory18command_for_update
FN:5,_RNvXs1_NtNtCseXfsMIIEWXV_9shortener6config3envNtB5_9AppConfigNtNtCs5wl7SwbbLJN_12clap_builder6derive14FromArgMatches23update_from_arg_matches
FN:5,_RNvXs4_NtNtCseXfsMIIEWXV_9shortener6config3envNtB5_9AppConfigNtNtCs2TW8dYrBCkv_4core5clone5Clone5cloneB9_
FN:19,_RNvMNtNtCseXfsMIIEWXV_9shortener6config3envNtB2_9AppConfig17from_env_and_args
FN:5,_RNvXs0_NtNtCseXfsMIIEWXV_9shortener6config3envNtB5_9AppConfigNtNtCs5wl7SwbbLJN_12clap_builder6derive14CommandFactory7command
FN:5,_RNvXs2_NtNtCseXfsMIIEWXV_9shortener6config3envNtB5_9AppConfigNtNtCs5wl7SwbbLJN_12clap_builder6derive4Args12augment_args
FN:38,_RNCNCNvMNtNtCseXfsMIIEWXV_9shortener6config3envNtB6_9AppConfig17from_env_and_args00Ba_
FN:9,_RNCNvXs1_NtNtCseXfsMIIEWXV_9shortener6config3envNtB7_9AppConfigNtNtCs5wl7SwbbLJN_12clap_builder6derive14FromArgMatches20from_arg_matches_mut0Bb_
FN:12,_RNCNvXs1_NtNtCseXfsMIIEWXV_9shortener6config3envNtB7_9AppConfigNtNtCs5wl7SwbbLJN_12clap_builder6derive14FromArgMatches20from_arg_matches_muts_0Bb_
FN:15,_RNCNvXs1_NtNtCseXfsMIIEWXV_9shortener6config3envNtB7_9AppConfigNtNtCs5wl7SwbbLJN_12clap_builder6derive14FromArgMatches20from_arg_matches_muts0_0Bb_
FN:37,_RNCNvMNtNtCseXfsMIIEWXV_9shortener6config3envNtB4_9AppConfig17from_env_and_args0B8_
FNDA:0,_RNvXs1_NtNtCsj8D8oY7Jkn7_9shortener6config3envNtB5_9AppConfigNtNtCs5wl7SwbbLJN_12clap_builder6derive14FromArgMatches16from_arg_matches
FNDA:0,_RNvXs1_NtNtCsj8D8oY7Jkn7_9shortener6config3envNtB5_9AppConfigNtNtCs5wl7SwbbLJN_12clap_builder6derive14FromArgMatches27update_from_arg_matches_mut
FNDA:0,_RNvXs2_NtNtCsj8D8oY7Jkn7_9shortener6config3envNtB5_9AppConfigNtNtCs5wl7SwbbLJN_12clap_builder6derive4Args8group_id
FNDA:0,_RNvXs0_NtNtCsj8D8oY7Jkn7_9shortener6config3envNtB5_9AppConfigNtNtCs5wl7SwbbLJN_12clap_builder6derive14CommandFactory18command_for_update
FNDA:0,_RNvXs2_NtNtCsj8D8oY7Jkn7_9shortener6config3envNtB5_9AppConfigNtNtCs5wl7SwbbLJN_12clap_builder6derive4Args23augment_args_for_update
FNDA:0,_RNCNvXs1_NtNtCsj8D8oY7Jkn7_9shortener6config3envNtB7_9AppConfigNtNtCs5wl7SwbbLJN_12clap_builder6derive14FromArgMatches27update_from_arg_matches_muts0_0Bb_
FNDA:0,_RNCNvXs1_NtNtCsj8D8oY7Jkn7_9shortener6config3envNtB7_9AppConfigNtNtCs5wl7SwbbLJN_12clap_builder6derive14FromArgMatches27update_from_arg_matches_mut0Bb_
FNDA:0,_RNCNvXs1_NtNtCsj8D8oY7Jkn7_9shortener6config3envNtB7_9AppConfigNtNtCs5wl7SwbbLJN_12clap_builder6derive14FromArgMatches27update_from_arg_matches_muts_0Bb_
FNDA:0,_RNvXs3_NtNtCsj8D8oY7Jkn7_9shortener6config3envNtB5_9AppConfigNtNtCs2TW8dYrBCkv_4core3fmt5Debug3fmtB9_
FNDA:0,_RNvXs1_NtNtCsj8D8oY7Jkn7_9shortener6config3envNtB5_9AppConfigNtNtCs5wl7SwbbLJN_12clap_builder6derive14FromArgMatches23update_from_arg_matches
FNDA:1,_RNCNvNtNtNtCsj8D8oY7Jkn7_9shortener6config3env5tests44from_env_and_args_ignores_test_harness_flags0B9_
FNDA:1,_RNCNvNtNtNtCsj8D8oY7Jkn7_9shortener6config3env5tests48from_env_and_args_respects_env_vars_and_defaults0B9_
FNDA:1,_RNvNtNtNtCsj8D8oY7Jkn7_9shortener6config3env5testss_48from_env_and_args_respects_env_vars_and_defaults
FNDA:1,_RNvNtNtNtCsj8D8oY7Jkn7_9shortener6config3env5testss_44from_env_and_args_ignores_test_harness_flags
FNDA:10,_RNvXs4_NtNtCsj8D8oY7Jkn7_9shortener6config3envNtB5_9AppConfigNtNtCs2TW8dYrBCkv_4core5clone5Clone5cloneB9_
FNDA:4,_RNvMNtNtCsj8D8oY7Jkn7_9shortener6config3envNtB2_9AppConfig17from_env_and_args
FNDA:4,_RNvXs0_NtNtCsj8D8oY7Jkn7_9shortener6config3envNtB5_9AppConfigNtNtCs5wl7SwbbLJN_12clap_builder6derive14CommandFactory7command
FNDA:4,_RNvXs2_NtNtCsj8D8oY7Jkn7_9shortener6config3envNtB5_9AppConfigNtNtCs5wl7SwbbLJN_12clap_builder6derive4Args12augment_args
FNDA:0,_RNCNvXs1_NtNtCsj8D8oY7Jkn7_9shortener6config3envNtB7_9AppConfigNtNtCs5wl7SwbbLJN_12clap_builder6derive14FromArgMatches20from_arg_matches_muts_0Bb_
FNDA:0,_RNCNvXs1_NtNtCsj8D8oY7Jkn7_9shortener6config3envNtB7_9AppConfigNtNtCs5wl7SwbbLJN_12clap_builder6derive14FromArgMatches20from_arg_matches_muts0_0Bb_
FNDA:4,_RNCNvMNtNtCsj8D8oY7Jkn7_9shortener6config3envNtB4_9AppConfig17from_env_and_args0B8_
FNDA:24,_RNCNCNvMNtNtCsj8D8oY7Jkn7_9shortener6config3envNtB6_9AppConfig17from_env_and_args00Ba_
FNDA:0,_RNCNvXs1_NtNtCsj8D8oY7Jkn7_9shortener6config3envNtB7_9AppConfigNtNtCs5wl7SwbbLJN_12clap_builder6derive14FromArgMatches20from_arg_matches_mut0Bb_
FNDA:0,_RNCNvXs1_NtNtCseXfsMIIEWXV_9shortener6config3envNtB7_9AppConfigNtNtCs5wl7SwbbLJN_12clap_builder6derive14FromArgMatches27update_from_arg_matches_muts_0Bb_
FNDA:0,_RNCNvXs1_NtNtCseXfsMIIEWXV_9shortener6config3envNtB7_9AppConfigNtNtCs5wl7SwbbLJN_12clap_builder6derive14FromArgMatches27update_from_arg_matches_mut0Bb_
FNDA:0,_RNvXs2_NtNtCseXfsMIIEWXV_9shortener6config3envNtB5_9AppConfigNtNtCs5wl7SwbbLJN_12clap_builder6derive4Args23augment_args_for_update
FNDA:0,_RNvXs1_NtNtCseXfsMIIEWXV_9shortener6config3envNtB5_9AppConfigNtNtCs5wl7SwbbLJN_12clap_builder6derive14FromArgMatches16from_arg_matches
FNDA:0,_RNvXs3_NtNtCseXfsMIIEWXV_9shortener6config3envNtB5_9AppConfigNtNtCs2TW8dYrBCkv_4core3fmt5Debug3fmtB9_
FNDA:0,_RNvXs2_NtNtCseXfsMIIEWXV_9shortener6config3envNtB5_9AppConfigNtNtCs5wl7SwbbLJN_12clap_builder6derive4Args8group_id
FNDA:0,_RNvXs1_NtNtCseXfsMIIEWXV_9shortener6config3envNtB5_9AppConfigNtNtCs5wl7SwbbLJN_12clap_builder6derive14FromArgMatches27update_from_arg_matches_mut
FNDA:0,_RNCNvXs1_NtNtCseXfsMIIEWXV_9shortener6config3envNtB7_9AppConfigNtNtCs5wl7SwbbLJN_12clap_builder6derive14FromArgMatches27update_from_arg_matches_muts0_0Bb_
FNDA:0,_RNvXs0_NtNtCseXfsMIIEWXV_9shortener6config3envNtB5_9AppConfigNtNtCs5wl7SwbbLJN_12clap_builder6derive14CommandFactory18command_for_update
FNDA:0,_RNvXs1_NtNtCseXfsMIIEWXV_9shortener6config3envNtB5_9AppConfigNtNtCs5wl7SwbbLJN_12clap_builder6derive14FromArgMatches23update_from_arg_matches
FNDA:0,_RNvXs4_NtNtCseXfsMIIEWXV_9shortener6config3envNtB5_9AppConfigNtNtCs2TW8dYrBCkv_4core5clone5Clone5cloneB9_
FNDA:0,_RNvMNtNtCseXfsMIIEWXV_9shortener6config3envNtB2_9AppConfig17from_env_and_args
FNDA:0,_RNvXs0_NtNtCseXfsMIIEWXV_9shortener6config3envNtB5_9AppConfigNtNtCs5wl7SwbbLJN_12clap_builder6derive14CommandFactory7command
FNDA:0,_RNvXs2_NtNtCseXfsMIIEWXV_9shortener6config3envNtB5_9AppConfigNtNtCs5wl7SwbbLJN_12clap_builder6derive4Args12augment_args
FNDA:0,_RNCNCNvMNtNtCseXfsMIIEWXV_9shortener6config3envNtB6_9AppConfig17from_env_and_args00Ba_
FNDA:0,_RNCNvXs1_NtNtCseXfsMIIEWXV_9shortener6config3envNtB7_9AppConfigNtNtCs5wl7SwbbLJN_12clap_builder6derive14FromArgMatches20from_arg_matches_mut0Bb_
FNDA:0,_RNCNvXs1_NtNtCseXfsMIIEWXV_9shortener6config3envNtB7_9AppConfigNtNtCs5wl7SwbbLJN_12clap_builder6derive14FromArgMatches20from_arg_matches_muts_0Bb_
FNDA:0,_RNCNvXs1_NtNtCseXfsMIIEWXV_9shortener6config3envNtB7_9AppConfigNtNtCs5wl7SwbbLJN_12clap_builder6derive14FromArgMatches20from_arg_matches_muts0_0Bb_
FNDA:0,_RNCNvMNtNtCseXfsMIIEWXV_9shortener6config3envNtB4_9AppConfig17from_env_and_args0B8_
FNF:13
FNH:9
DA:5,10
DA:9,0
DA:12,0
DA:15,0
DA:19,4
DA:20,4
DA:21,4
DA:22,4
DA:23,4
DA:24,4
DA:25,4
DA:26,4
DA:27,4
DA:28,4
DA:29,4
DA:30,4
DA:31,4
DA:32,4
DA:33,4
DA:34,4
DA:35,4
DA:36,4
DA:37,4
DA:38,24
DA:39,0
DA:40,4
DA:41,4
DA:42,0
DA:43,4
DA:44,4
DA:45,4
DA:46,4
DA:47,4
DA:48,4
DA:56,1
DA:57,1
DA:58,1
DA:59,1
DA:60,1
DA:61,1
DA:62,1
DA:63,1
DA:64,1
DA:65,1
DA:68,1
DA:69,1
DA:70,1
DA:71,1
DA:72,1
DA:73,1
DA:74,1
DA:75,1
DA:78,1
DA:79,1
DA:80,1
DA:81,1
DA:83,1
DA:84,1
DA:85,1
DA:86,1
DA:87,1
DA:88,1
DA:89,1
BRF:0
BRH:0
LF:68
LH:62
end_of_record
SF:/home/jordi/works/rust/rustcut/src/main.rs
FN:115,_RNvMNtCsj8D8oY7Jkn7_9shortener5testsNtB2_12FakeUserRepo3new
FN:38,_RNvCsj8D8oY7Jkn7_9shortener18configure_services
FN:119,_RNCNvXs_NtCsj8D8oY7Jkn7_9shortener5testsNtB6_12FakeUserRepoNtNtNtNtNtB8_4user6domain12repositories20user_repository_port18UserRepositoryPort11create_user0B8_
FN:135,_RNCNvXs0_NtCsj8D8oY7Jkn7_9shortener5testsNtB7_11FakeURLRepoNtNtNtNtNtB9_3url6domain12repositories19url_repository_port17URLRepositoryPort19get_user_by_apy_key0B9_
FN:122,_RNCNvXs_NtCsj8D8oY7Jkn7_9shortener5testsNtB6_12FakeUserRepoNtNtNtNtNtB8_4user6domain12repositories20user_repository_port18UserRepositoryPort9get_users0B8_
FN:134,_RNCNvXs0_NtCsj8D8oY7Jkn7_9shortener5testsNtB7_11FakeURLRepoNtNtNtNtNtB9_3url6domain12repositories19url_repository_port17URLRepositoryPort33get_db_url_by_user_and_target_url0B9_
FN:139,_RNCNvNtCsj8D8oY7Jkn7_9shortener5tests35configure_services_registers_routes0B5_
FN:136,_RNCNvXs0_NtCsj8D8oY7Jkn7_9shortener5testsNtB7_11FakeURLRepoNtNtNtNtNtB9_3url6domain12repositories19url_repository_port17URLRepositoryPort16increment_clicks0B9_
FN:130,_RNCNvXs0_NtCsj8D8oY7Jkn7_9shortener5testsNtB7_11FakeURLRepoNtNtNtNtNtB9_3url6domain12repositories19url_repository_port17URLRepositoryPort10create_url0B9_
FN:123,_RNCNvXs_NtCsj8D8oY7Jkn7_9shortener5testsNtB6_12FakeUserRepoNtNtNtNtNtB8_4user6domain12repositories20user_repository_port18UserRepositoryPort11delete_user0B8_
FN:147,_RNCNCNvNtCsj8D8oY7Jkn7_9shortener5testss_35configure_services_registers_routes00B7_
FN:133,_RNCNvXs0_NtCsj8D8oY7Jkn7_9shortener5testsNtB7_11FakeURLRepoNtNtNtNtNtB9_3url6domain12repositories19url_repository_port17URLRepositoryPort17get_db_url_by_key0B9_
FN:38,_RNvCseXfsMIIEWXV_9shortener18configure_services
FN:97,_RNCNCNvCseXfsMIIEWXV_9shortener4main00B5_
FN:58,_RNCNvCseXfsMIIEWXV_9shortener4main0B3_
FN:98,_RNCNCNCNvCseXfsMIIEWXV_9shortener4main000B7_
FNDA:1,_RNvMNtCsj8D8oY7Jkn7_9shortener5testsNtB2_12FakeUserRepo3new
FNDA:1,_RNvCsj8D8oY7Jkn7_9shortener18configure_services
FNDA:0,_RNCNvXs_NtCsj8D8oY7Jkn7_9shortener5testsNtB6_12FakeUserRepoNtNtNtNtNtB8_4user6domain12repositories20user_repository_port18UserRepositoryPort11create_user0B8_
FNDA:0,_RNCNvXs0_NtCsj8D8oY7Jkn7_9shortener5testsNtB7_11FakeURLRepoNtNtNtNtNtB9_3url6domain12repositories19url_repository_port17URLRepositoryPort19get_user_by_apy_key0B9_
FNDA:1,_RNCNvXs_NtCsj8D8oY7Jkn7_9shortener5testsNtB6_12FakeUserRepoNtNtNtNtNtB8_4user6domain12repositories20user_repository_port18UserRepositoryPort9get_users0B8_
FNDA:0,_RNCNvXs0_NtCsj8D8oY7Jkn7_9shortener5testsNtB7_11FakeURLRepoNtNtNtNtNtB9_3url6domain12repositories19url_repository_port17URLRepositoryPort33get_db_url_by_user_and_target_url0B9_
FNDA:1,_RNCNvNtCsj8D8oY7Jkn7_9shortener5tests35configure_services_registers_routes0B5_
FNDA:0,_RNCNvXs0_NtCsj8D8oY7Jkn7_9shortener5testsNtB7_11FakeURLRepoNtNtNtNtNtB9_3url6domain12repositories19url_repository_port17URLRepositoryPort16increment_clicks0B9_
FNDA:0,_RNCNvXs0_NtCsj8D8oY7Jkn7_9shortener5testsNtB7_11FakeURLRepoNtNtNtNtNtB9_3url6domain12repositories19url_repository_port17URLRepositoryPort10create_url0B9_
FNDA:0,_RNCNvXs_NtCsj8D8oY7Jkn7_9shortener5testsNtB6_12FakeUserRepoNtNtNtNtNtB8_4user6domain12repositories20user_repository_port18UserRepositoryPort11delete_user0B8_
FNDA:1,_RNCNCNvNtCsj8D8oY7Jkn7_9shortener5testss_35configure_services_registers_routes00B7_
FNDA:0,_RNCNvXs0_NtCsj8D8oY7Jkn7_9shortener5testsNtB7_11FakeURLRepoNtNtNtNtNtB9_3url6domain12repositories19url_repository_port17URLRepositoryPort17get_db_url_by_key0B9_
FNDA:0,_RNvCseXfsMIIEWXV_9shortener18configure_services
FNDA:0,_RNCNCNvCseXfsMIIEWXV_9shortener4main00B5_
FNDA:0,_RNCNvCseXfsMIIEWXV_9shortener4main0B3_
FNDA:0,_RNCNCNCNvCseXfsMIIEWXV_9shortener4main000B7_
FNF:15
FNH:5
DA:38,1
DA:39,1
DA:40,1
DA:41,1
DA:42,1
DA:43,1
DA:44,1
DA:45,1
DA:46,1
DA:47,1
DA:48,1
DA:49,1
DA:50,1
DA:51,1
DA:52,1
DA:53,1
DA:54,1
DA:55,1
DA:58,0
DA:97,0
DA:98,0
DA:99,0
DA:115,1
DA:119,0
DA:122,1
DA:123,0
DA:130,0
DA:133,0
DA:134,0
DA:135,0
DA:136,0
DA:139,1
DA:147,1
BRF:0
BRH:0
LF:34
LH:22
end_of_record
SF:/home/jordi/works/rust/rustcut/src/shared/utils.rs
FN:5,_RNvNtNtCsj8D8oY7Jkn7_9shortener6shared5utils14create_api_key
FN:15,_RNvNtNtCsj8D8oY7Jkn7_9shortener6shared5utils17create_random_key
FN:21,_RNvNtNtCsj8D8oY7Jkn7_9shortener6shared5utils17generate_key_part
FN:8,_RNCNvNtNtCsj8D8oY7Jkn7_9shortener6shared5utils14create_api_key0B7_
FN:43,_RNvNtNtNtCsj8D8oY7Jkn7_9shortener6shared5utils5testss_34create_random_key_parts_and_length
FN:34,_RNvNtNtNtCsj8D8oY7Jkn7_9shortener6shared5utils5testss_32create_api_key_length_and_unique
FN:33,_RNCNvNtNtNtCsj8D8oY7Jkn7_9shortener6shared5utils5tests32create_api_key_length_and_unique0B9_
FN:42,_RNCNvNtNtNtCsj8D8oY7Jkn7_9shortener6shared5utils5tests34create_random_key_parts_and_length0B9_
FN:8,_RNCNvNtNtCseXfsMIIEWXV_9shortener6shared5utils14create_api_key0B7_
FN:5,_RNvNtNtCseXfsMIIEWXV_9shortener6shared5utils14create_api_key
FN:15,_RNvNtNtCseXfsMIIEWXV_9shortener6shared5utils17create_random_key
FN:21,_RNvNtNtCseXfsMIIEWXV_9shortener6shared5utils17generate_key_part
FNDA:4,_RNvNtNtCsj8D8oY7Jkn7_9shortener6shared5utils14create_api_key
FNDA:21,_RNvNtNtCsj8D8oY7Jkn7_9shortener6shared5utils17create_random_key
FNDA:42,_RNvNtNtCsj8D8oY7Jkn7_9shortener6shared5utils17generate_key_part
FNDA:128,_RNCNvNtNtCsj8D8oY7Jkn7_9shortener6shared5utils14create_api_key0B7_
FNDA:1,_RNvNtNtNtCsj8D8oY7Jkn7_9shortener6shared5utils5testss_34create_random_key_parts_and_length
FNDA:1,_RNvNtNtNtCsj8D8oY7Jkn7_9shortener6shared5utils5testss_32create_api_key_length_and_unique
FNDA:1,_RNCNvNtNtNtCsj8D8oY7Jkn7_9shortener6shared5utils5tests32create_api_key_length_and_unique0B9_
FNDA:1,_RNCNvNtNtNtCsj8D8oY7Jkn7_9shortener6shared5utils5tests34create_random_key_parts_and_length0B9_
FNDA:0,_RNCNvNtNtCseXfsMIIEWXV_9shortener6shared5utils14create_api_key0B7_
FNDA:0,_RNvNtNtCseXfsMIIEWXV_9shortener6shared5utils14create_api_key
FNDA:0,_RNvNtNtCseXfsMIIEWXV_9shortener6shared5utils17create_random_key
FNDA:0,_RNvNtNtCseXfsMIIEWXV_9shortener6shared5utils17generate_key_part
FNF:8
FNH:8
DA:5,4
DA:6,4
DA:7,4
DA:8,128
DA:9,4
DA:10,4
DA:11,4
DA:12,4
DA:13,4
DA:15,21
DA:16,21
DA:17,21
DA:18,21
DA:19,21
DA:21,42
DA:22,42
DA:23,42
DA:24,42
DA:25,42
DA:26,42
DA:27,42
DA:33,1
DA:34,1
DA:35,1
DA:36,1
DA:37,1
DA:38,1
DA:39,1
DA:40,1
DA:42,1
DA:43,1
DA:44,1
DA:45,1
DA:46,1
DA:47,1
DA:48,1
DA:49,1
BRF:0
BRH:0
LF:38
LH:38
end_of_record
SF:/home/jordi/works/rust/rustcut/src/url/application/controllers/url_controller.rs
FN:139,_RNCNvNtNtNtNtNtCsj8D8oY7Jkn7_9shortener3url11application11controllers14url_controller5testss_43controller_delete_url_not_found_returns_5000Bd_
FN:124,_RNCNvNtNtNtNtNtCsj8D8oY7Jkn7_9shortener3url11application11controllers14url_controller5testss_44controller_delete_url_returns_dto_on_success0Bd_
FN:51,_RNCNvXs_NtNtNtNtNtCsj8D8oY7Jkn7_9shortener3url11application11controllers14url_controller5testsNtB6_8FakeRepoNtNtNtNtBe_6domain12repositories19url_repository_port17URLRepositoryPort17get_db_url_by_key0Bg_
FN:57,_RNCNvNtNtNtNtNtCsj8D8oY7Jkn7_9shortener3url11application11controllers14url_controller5testss_32controller_create_and_map_to_dto0Bd_
FN:124,_RNCNvNtNtNtNtNtCsj8D8oY7Jkn7_9shortener3url11application11controllers14url_controller5tests44controller_delete_url_returns_dto_on_success0Bd_
FN:47,_RNCNvXs_NtNtNtNtNtCsj8D8oY7Jkn7_9shortener3url11application11controllers14url_controller5testsNtB6_8FakeRepoNtNtNtNtBe_6domain12repositories19url_repository_port17URLRepositoryPort10create_url0Bg_
FN:85,_RNCNvNtNtNtNtNtCsj8D8oY7Jkn7_9shortener3url11application11controllers14url_controller5tests35controller_get_url_info_returns_dto0Bd_
FN:100,_RNCNvNtNtNtNtNtCsj8D8oY7Jkn7_9shortener3url11application11controllers14url_controller5tests48controller_create_returns_500_on_invalid_api_key0Bd_
FN:139,_RNCNvNtNtNtNtNtCsj8D8oY7Jkn7_9shortener3url11application11controllers14url_controller5tests43controller_delete_url_not_found_returns_5000Bd_
FN:52,_RNCNvXs_NtNtNtNtNtCsj8D8oY7Jkn7_9shortener3url11application11controllers14url_controller5testsNtB6_8FakeRepoNtNtNtNtBe_6domain12repositories19url_repository_port17URLRepositoryPort33get_db_url_by_user_and_target_url0Bg_
FN:112,_RNCNvNtNtNtNtNtCsj8D8oY7Jkn7_9shortener3url11application11controllers14url_controller5testss_45controller_get_url_info_not_found_returns_5000Bd_
FN:100,_RNCNvNtNtNtNtNtCsj8D8oY7Jkn7_9shortener3url11application11controllers14url_controller5testss_48controller_create_returns_500_on_invalid_api_key0Bd_
FN:71,_RNCNvNtNtNtNtNtCsj8D8oY7Jkn7_9shortener3url11application11controllers14url_controller5testss_32controller_forward_sets_location0Bd_
FN:112,_RNCNvNtNtNtNtNtCsj8D8oY7Jkn7_9shortener3url11application11controllers14url_controller5tests45controller_get_url_info_not_found_returns_5000Bd_
FN:71,_RNCNvNtNtNtNtNtCsj8D8oY7Jkn7_9shortener3url11application11controllers14url_controller5tests32controller_forward_sets_location0Bd_
FN:57,_RNCNvNtNtNtNtNtCsj8D8oY7Jkn7_9shortener3url11application11controllers14url_controller5tests32controller_create_and_map_to_dto0Bd_
FN:85,_RNCNvNtNtNtNtNtCsj8D8oY7Jkn7_9shortener3url11application11controllers14url_controller5testss_35controller_get_url_info_returns_dto0Bd_
FN:97,_RNCNCNvNtNtNtNtNtCsj8D8oY7Jkn7_9shortener3url11application11controllers14url_controller5testss_35controller_get_url_info_returns_dto00Bf_
FN:54,_RNCNvXs_NtNtNtNtNtCsj8D8oY7Jkn7_9shortener3url11application11controllers14url_controller5testsNtB6_8FakeRepoNtNtNtNtBe_6domain12repositories19url_repository_port17URLRepositoryPort16increment_clicks0Bg_
FN:53,_RNCNvXs_NtNtNtNtNtCsj8D8oY7Jkn7_9shortener3url11application11controllers14url_controller5testsNtB6_8FakeRepoNtNtNtNtBe_6domain12repositories19url_repository_port17URLRepositoryPort19get_user_by_apy_key0Bg_
FN:14,_RNCNvNvXNtNtNtNtCsj8D8oY7Jkn7_9shortener3url11application11controllers14url_controllerNtB6_10create_urlNtNtCs7OSfJKa3fl5_9actix_web7service18HttpServiceFactory8register10create_url0Be_
FN:166,_RNCNvNvXs0_NtNtNtNtCsj8D8oY7Jkn7_9shortener3url11application11controllers14url_controllerNtB9_12get_url_infoNtNtCs7OSfJKa3fl5_9actix_web7service18HttpServiceFactory8register12get_url_info0Bh_
FN:178,_RNCNvNvXs1_NtNtNtNtCsj8D8oY7Jkn7_9shortener3url11application11controllers14url_controllerNtB9_10delete_urlNtNtCs7OSfJKa3fl5_9actix_web7service18HttpServiceFactory8register10delete_url0Bh_
FN:155,_RNCNvNvXs_NtNtNtNtCsj8D8oY7Jkn7_9shortener3url11application11controllers14url_controllerNtB8_21forward_to_target_urlNtNtCs7OSfJKa3fl5_9actix_web7service18HttpServiceFactory8register21forward_to_target_url0Bg_
FN:42,_RNvMNtNtNtNtNtCsj8D8oY7Jkn7_9shortener3url11application11controllers14url_controller5testsNtB2_8FakeRepo3new
FN:155,_RNvNvXs_NtNtNtNtCsj8D8oY7Jkn7_9shortener3url11application11controllers14url_controllerNtB6_21forward_to_target_urlNtNtCs7OSfJKa3fl5_9actix_web7service18HttpServiceFactory8register21forward_to_target_url
FN:166,_RNvNvXs0_NtNtNtNtCsj8D8oY7Jkn7_9shortener3url11application11controllers14url_controllerNtB7_12get_url_infoNtNtCs7OSfJKa3fl5_9actix_web7service18HttpServiceFactory8register12get_url_info
FN:177,_RNvXs1_NtNtNtNtCsj8D8oY7Jkn7_9shortener3url11application11controllers14url_controllerNtB5_10delete_urlNtNtCs7OSfJKa3fl5_9actix_web7service18HttpServiceFactory8register
FN:178,_RNvNvXs1_NtNtNtNtCsj8D8oY7Jkn7_9shortener3url11application11controllers14url_controllerNtB7_10delete_urlNtNtCs7OSfJKa3fl5_9actix_web7service18HttpServiceFactory8register10delete_url
FN:11,_RNvXNtNtNtNtCsj8D8oY7Jkn7_9shortener3url11application11controllers14url_controllerNtB2_10create_urlNtNtCs7OSfJKa3fl5_9actix_web7service18HttpServiceFactory8register
FN:12,_RNvNvXNtNtNtNtCsj8D8oY7Jkn7_9shortener3url11application11controllers14url_controllerNtB4_10create_urlNtNtCs7OSfJKa3fl5_9actix_web7service18HttpServiceFactory8register10create_url
FN:154,_RNvXs_NtNtNtNtCsj8D8oY7Jkn7_9shortener3url11application11controllers14url_controllerNtB4_21forward_to_target_urlNtNtCs7OSfJKa3fl5_9actix_web7service18HttpServiceFactory8register
FN:165,_RNvXs0_NtNtNtNtCsj8D8oY7Jkn7_9shortener3url11application11controllers14url_controllerNtB5_12get_url_infoNtNtCs7OSfJKa3fl5_9actix_web7service18HttpServiceFactory8register
FN:178,_RNvNvXs1_NtNtNtNtCseXfsMIIEWXV_9shortener3url11application11controllers14url_controllerNtB7_10delete_urlNtNtCs7OSfJKa3fl5_9actix_web7service18HttpServiceFactory8register10delete_url
FN:11,_RNvXNtNtNtNtCseXfsMIIEWXV_9shortener3url11application11controllers14url_controllerNtB2_10create_urlNtNtCs7OSfJKa3fl5_9actix_web7service18HttpServiceFactory8register
FN:154,_RNvXs_NtNtNtNtCseXfsMIIEWXV_9shortener3url11application11controllers14url_controllerNtB4_21forward_to_target_urlNtNtCs7OSfJKa3fl5_9actix_web7service18HttpServiceFactory8register
FN:12,_RNvNvXNtNtNtNtCseXfsMIIEWXV_9shortener3url11application11controllers14url_controllerNtB4_10create_urlNtNtCs7OSfJKa3fl5_9actix_web7service18HttpServiceFactory8register10create_url
FN:155,_RNvNvXs_NtNtNtNtCseXfsMIIEWXV_9shortener3url11application11controllers14url_controllerNtB6_21forward_to_target_urlNtNtCs7OSfJKa3fl5_9actix_web7service18HttpServiceFactory8register21forward_to_target_url
FN:165,_RNvXs0_NtNtNtNtCseXfsMIIEWXV_9shortener3url11application11controllers14url_controllerNtB5_12get_url_infoNtNtCs7OSfJKa3fl5_9actix_web7service18HttpServiceFactory8register
FN:166,_RNvNvXs0_NtNtNtNtCseXfsMIIEWXV_9shortener3url11application11controllers14url_controllerNtB7_12get_url_infoNtNtCs7OSfJKa3fl5_9actix_web7service18HttpServiceFactory8register12get_url_info
FN:177,_RNvXs1_NtNtNtNtCseXfsMIIEWXV_9shortener3url11application11controllers14url_controllerNtB5_10delete_urlNtNtCs7OSfJKa3fl5_9actix_web7service18HttpServiceFactory8register
FN:14,_RNCNvNvXNtNtNtNtCseXfsMIIEWXV_9shortener3url11application11controllers14url_controllerNtB6_10create_urlNtNtCs7OSfJKa3fl5_9actix_web7service18HttpServiceFactory8register10create_url0Be_
FN:166,_RNCNvNvXs0_NtNtNtNtCseXfsMIIEWXV_9shortener3url11application11controllers14url_controllerNtB9_12get_url_infoNtNtCs7OSfJKa3fl5_9actix_web7service18HttpServiceFactory8register12get_url_info0Bh_
FN:178,_RNCNvNvXs1_NtNtNtNtCseXfsMIIEWXV_9shortener3url11application11controllers14url_controllerNtB9_10delete_urlNtNtCs7OSfJKa3fl5_9actix_web7service18HttpServiceFactory8register10delete_url0Bh_
FN:155,_RNCNvNvXs_NtNtNtNtCseXfsMIIEWXV_9shortener3url11application11controllers14url_controllerNtB8_21forward_to_target_urlNtNtCs7OSfJKa3fl5_9actix_web7service18HttpServiceFactory8register21forward_to_target_url0Bg_
FNDA:0,_RNCNvNtNtNtNtNtCsj8D8oY7Jkn7_9shortener3url11application11controllers14url_controller5testss_43controller_delete_url_not_found_returns_5000Bd_
FNDA:1,_RNCNvNtNtNtNtNtCsj8D8oY7Jkn7_9shortener3url11application11controllers14url_controller5testss_44controller_delete_url_returns_dto_on_success0Bd_
FNDA:5,_RNCNvXs_NtNtNtNtNtCsj8D8oY7Jkn7_9shortener3url11application11controllers14url_controller5testsNtB6_8FakeRepoNtNtNtNtBe_6domain12repositories19url_repository_port17URLRepositoryPort17get_db_url_by_key0Bg_
FNDA:1,_RNCNvNtNtNtNtNtCsj8D8oY7Jkn7_9shortener3url11application11controllers14url_controller5testss_32controller_create_and_map_to_dto0Bd_
FNDA:1,_RNCNvNtNtNtNtNtCsj8D8oY7Jkn7_9shortener3url11application11controllers14url_controller5tests44controller_delete_url_returns_dto_on_success0Bd_
FNDA:1,_RNCNvXs_NtNtNtNtNtCsj8D8oY7Jkn7_9shortener3url11application11controllers14url_controller5testsNtB6_8FakeRepoNtNtNtNtBe_6domain12repositories19url_repository_port17URLRepositoryPort10create_url0Bg_
FNDA:1,_RNCNvNtNtNtNtNtCsj8D8oY7Jkn7_9shortener3url11application11controllers14url_controller5tests35controller_get_url_info_returns_dto0Bd_
FNDA:1,_RNCNvNtNtNtNtNtCsj8D8oY7Jkn7_9shortener3url11application11controllers14url_controller5tests48controller_create_returns_500_on_invalid_api_key0Bd_
FNDA:1,_RNCNvNtNtNtNtNtCsj8D8oY7Jkn7_9shortener3url11application11controllers14url_controller5tests43controller_delete_url_not_found_returns_5000Bd_
FNDA:0,_RNCNvXs_NtNtNtNtNtCsj8D8oY7Jkn7_9shortener3url11application11controllers14url_controller5testsNtB6_8FakeRepoNtNtNtNtBe_6domain12repositories19url_repository_port17URLRepositoryPort33get_db_url_by_user_and_target_url0Bg_
FNDA:0,_RNCNvNtNtNtNtNtCsj8D8oY7Jkn7_9shortener3url11application11controllers14url_controller5testss_45controller_get_url_info_not_found_returns_5000Bd_
FNDA:0,_RNCNvNtNtNtNtNtCsj8D8oY7Jkn7_9shortener3url11application11controllers14url_controller5testss_48controller_create_returns_500_on_invalid_api_key0Bd_
FNDA:0,_RNCNvNtNtNtNtNtCsj8D8oY7Jkn7_9shortener3url11application11controllers14url_controller5testss_32controller_forward_sets_location0Bd_
FNDA:1,_RNCNvNtNtNtNtNtCsj8D8oY7Jkn7_9shortener3url11application11controllers14url_controller5tests45controller_get_url_info_not_found_returns_5000Bd_
FNDA:1,_RNCNvNtNtNtNtNtCsj8D8oY7Jkn7_9shortener3url11application11controllers14url_controller5tests32controller_forward_sets_location0Bd_
FNDA:1,_RNCNvNtNtNtNtNtCsj8D8oY7Jkn7_9shortener3url11application11controllers14url_controller5tests32controller_create_and_map_to_dto0Bd_
FNDA:0,_RNCNvNtNtNtNtNtCsj8D8oY7Jkn7_9shortener3url11application11controllers14url_controller5testss_35controller_get_url_info_returns_dto0Bd_
FNDA:1,_RNCNCNvNtNtNtNtNtCsj8D8oY7Jkn7_9shortener3url11application11controllers14url_controller5testss_35controller_get_url_info_returns_dto00Bf_
FNDA:1,_RNCNvXs_NtNtNtNtNtCsj8D8oY7Jkn7_9shortener3url11application11controllers14url_controller5testsNtB6_8FakeRepoNtNtNtNtBe_6domain12repositories19url_repository_port17URLRepositoryPort16increment_clicks0Bg_
FNDA:2,_RNCNvXs_NtNtNtNtNtCsj8D8oY7Jkn7_9shortener3url11application11controllers14url_controller5testsNtB6_8FakeRepoNtNtNtNtBe_6domain12repositories19url_repository_port17URLRepositoryPort19get_user_by_apy_key0Bg_
FNDA:2,_RNCNvNvXNtNtNtNtCsj8D8oY7Jkn7_9shortener3url11application11controllers14url_controllerNtB6_10create_urlNtNtCs7OSfJKa3fl5_9actix_web7service18HttpServiceFactory8register10create_url0Be_
FNDA:2,_RNCNvNvXs0_NtNtNtNtCsj8D8oY7Jkn7_9shortener3url11application11controllers14url_controllerNtB9_12get_url_infoNtNtCs7OSfJKa3fl5_9actix_web7service18HttpServiceFactory8register12get_url_info0Bh_
FNDA:2,_RNCNvNvXs1_NtNtNtNtCsj8D8oY7Jkn7_9shortener3url11application11controllers14url_controllerNtB9_10delete_urlNtNtCs7OSfJKa3fl5_9actix_web7service18HttpServiceFactory8register10delete_url0Bh_
FNDA:1,_RNCNvNvXs_NtNtNtNtCsj8D8oY7Jkn7_9shortener3url11application11controllers14url_controllerNtB8_21forward_to_target_urlNtNtCs7OSfJKa3fl5_9actix_web7service18HttpServiceFactory8register21forward_to_target_url0Bg_
FNDA:7,_RNvMNtNtNtNtNtCsj8D8oY7Jkn7_9shortener3url11application11controllers14url_controller5testsNtB2_8FakeRepo3new
FNDA:1,_RNvNvXs_NtNtNtNtCsj8D8oY7Jkn7_9shortener3url11application11controllers14url_controllerNtB6_21forward_to_target_urlNtNtCs7OSfJKa3fl5_9actix_web7service18HttpServiceFactory8register21forward_to_target_url
FNDA:2,_RNvNvXs0_NtNtNtNtCsj8D8oY7Jkn7_9shortener3url11application11controllers14url_controllerNtB7_12get_url_infoNtNtCs7OSfJKa3fl5_9actix_web7service18HttpServiceFactory8register12get_url_info
FNDA:3,_RNvXs1_NtNtNtNtCsj8D8oY7Jkn7_9shortener3url11application11controllers14url_controllerNtB5_10delete_urlNtNtCs7OSfJKa3fl5_9actix_web7service18HttpServiceFactory8register
FNDA:2,_RNvNvXs1_NtNtNtNtCsj8D8oY7Jkn7_9shortener3url11application11controllers14url_controllerNtB7_10delete_urlNtNtCs7OSfJKa3fl5_9actix_web7service18HttpServiceFactory8register10delete_url
FNDA:3,_RNvXNtNtNtNtCsj8D8oY7Jkn7_9shortener3url11application11controllers14url_controllerNtB2_10create_urlNtNtCs7OSfJKa3fl5_9actix_web7service18HttpServiceFactory8register
FNDA:2,_RNvNvXNtNtNtNtCsj8D8oY7Jkn7_9shortener3url11application11controllers14url_controllerNtB4_10create_urlNtNtCs7OSfJKa3fl5_9actix_web7service18HttpServiceFactory8register10create_url
FNDA:2,_RNvXs_NtNtNtNtCsj8D8oY7Jkn7_9shortener3url11application11controllers14url_controllerNtB4_21forward_to_target_urlNtNtCs7OSfJKa3fl5_9actix_web7service18HttpServiceFactory8register
FNDA:3,_RNvXs0_NtNtNtNtCsj8D8oY7Jkn7_9shortener3url11application11controllers14url_controllerNtB5_12get_url_infoNtNtCs7OSfJKa3fl5_9actix_web7service18HttpServiceFactory8register
FNDA:0,_RNvNvXs1_NtNtNtNtCseXfsMIIEWXV_9shortener3url11application11controllers14url_controllerNtB7_10delete_urlNtNtCs7OSfJKa3fl5_9actix_web7service18HttpServiceFactory8register10delete_url
FNDA:0,_RNvXNtNtNtNtCseXfsMIIEWXV_9shortener3url11application11controllers14url_controllerNtB2_10create_urlNtNtCs7OSfJKa3fl5_9actix_web7service18HttpServiceFactory8register
FNDA:0,_RNvXs_NtNtNtNtCseXfsMIIEWXV_9shortener3url11application11controllers14url_controllerNtB4_21forward_to_target_urlNtNtCs7OSfJKa3fl5_9actix_web7service18HttpServiceFactory8register
FNDA:0,_RNvNvXNtNtNtNtCseXfsMIIEWXV_9shortener3url11application11controllers14url_controllerNtB4_10create_urlNtNtCs7OSfJKa3fl5_9actix_web7service18HttpServiceFactory8register10create_url
FNDA:0,_RNvNvXs_NtNtNtNtCseXfsMIIEWXV_9shortener3url11application11controllers14url_controllerNtB6_21forward_to_target_urlNtNtCs7OSfJKa3fl5_9actix_web7service18HttpServiceFactory8register21forward_to_target_url
FNDA:0,_RNvXs0_NtNtNtNtCseXfsMIIEWXV_9shortener3url11application11controllers14url_controllerNtB5_12get_url_infoNtNtCs7OSfJKa3fl5_9actix_web7service18HttpServiceFactory8register
FNDA:0,_RNvNvXs0_NtNtNtNtCseXfsMIIEWXV_9shortener3url11application11controllers14url_controllerNtB7_12get_url_infoNtNtCs7OSfJKa3fl5_9actix_web7service18HttpServiceFactory8register12get_url_info
FNDA:0,_RNvXs1_NtNtNtNtCseXfsMIIEWXV_9shortener3url11application11controllers14url_controllerNtB5_10delete_urlNtNtCs7OSfJKa3fl5_9actix_web7service18HttpServiceFactory8register
FNDA:0,_RNCNvNvXNtNtNtNtCseXfsMIIEWXV_9shortener3url11application11controllers14url_controllerNtB6_10create_urlNtNtCs7OSfJKa3fl5_9actix_web7service18HttpServiceFactory8register10create_url0Be_
FNDA:0,_RNCNvNvXs0_NtNtNtNtCseXfsMIIEWXV_9shortener3url11application11controllers14url_controllerNtB9_12get_url_infoNtNtCs7OSfJKa3fl5_9actix_web7service18HttpServiceFactory8register12get_url_info0Bh_
FNDA:0,_RNCNvNvXs1_NtNtNtNtCseXfsMIIEWXV_9shortener3url11application11controllers14url_controllerNtB9_10delete_urlNtNtCs7OSfJKa3fl5_9actix_web7service18HttpServiceFactory8register10delete_url0Bh_
FNDA:0,_RNCNvNvXs_NtNtNtNtCseXfsMIIEWXV_9shortener3url11application11controllers14url_controllerNtB8_21forward_to_target_urlNtNtCs7OSfJKa3fl5_9actix_web7service18HttpServiceFactory8register21forward_to_target_url0Bg_
FNF:26
FNH:25
DA:11,3
DA:12,2
DA:13,2
DA:14,2
DA:15,0
DA:16,2
DA:17,1
DA:18,1
DA:19,1
DA:21,1
DA:23,2
DA:42,7
DA:47,1
DA:51,5
DA:52,0
DA:53,2
DA:54,1
DA:57,1
DA:71,1
DA:85,0
DA:97,1
DA:100,1
DA:112,1
DA:124,1
DA:139,1
DA:154,2
DA:155,1
DA:156,0
DA:157,1
DA:158,1
DA:159,1
DA:160,1
DA:161,0
DA:163,1
DA:165,3
DA:166,2
DA:167,0
DA:168,2
DA:169,1
DA:170,1
DA:171,1
DA:173,1
DA:175,2
DA:177,3
DA:178,2
DA:179,2
DA:180,1
DA:181,1
DA:182,1
DA:184,1
DA:186,2
BRF:0
BRH:0
LF:55
LH:50
end_of_record
SF:/home/jordi/works/rust/rustcut/src/url/application/dtos/url_dto.rs
FN:12,_RNvXs2_NtNtNtNtCsj8D8oY7Jkn7_9shortener3url11application4dtos7url_dtoNtB5_6URLDtoNtNtCs2TW8dYrBCkv_4core3fmt5Debug3fmtBd_
FN:20,_RINvXNvXNvNtNtNtNtCsj8D8oY7Jkn7_9shortener3url11application4dtos7url_dtos3_1__NtB8_10URLInfoDtoNtNtCslQfTJzcUtmx_5serde2de11Deserialize11deserializeNtB3_14___FieldVisitorNtB1x_7Visitor9visit_u64pEBg_
FN:12,_RINvXNvNtNtNtNtCsj8D8oY7Jkn7_9shortener3url11application4dtos7url_dtos1_1__NtB5_6URLDtoNtNtCslQfTJzcUtmx_5serde2de11Deserialize11deserializepEBd_
FN:20,_RINvXs_NvXNvNtNtNtNtCsj8D8oY7Jkn7_9shortener3url11application4dtos7url_dtos3_1__NtBa_10URLInfoDtoNtNtCslQfTJzcUtmx_5serde2de11Deserialize11deserializeNtB5_7___FieldB1x_11deserializepEBi_
FN:20,_RINvXs0_NvXNvNtNtNtNtCsj8D8oY7Jkn7_9shortener3url11application4dtos7url_dtos3_1__NtBb_10URLInfoDtoNtNtCslQfTJzcUtmx_5serde2de11Deserialize11deserializeNtB6_9___VisitorNtB1A_7Visitor9visit_mappEBj_
FN:12,_RINvXs0_NvXNvNtNtNtNtCsj8D8oY7Jkn7_9shortener3url11application4dtos7url_dtos1_1__NtBb_6URLDtoNtNtCslQfTJzcUtmx_5serde2de11Deserialize11deserializeNtB6_9___VisitorNtB1v_7Visitor9visit_mappEBj_
FN:20,_RNvXs5_NtNtNtNtCsj8D8oY7Jkn7_9shortener3url11application4dtos7url_dtoNtB5_10URLInfoDtoNtNtCs2TW8dYrBCkv_4core5clone5Clone5cloneBd_
FN:20,_RINvXNvXNvNtNtNtNtCsj8D8oY7Jkn7_9shortener3url11application4dtos7url_dtos3_1__NtB8_10URLInfoDtoNtNtCslQfTJzcUtmx_5serde2de11Deserialize11deserializeNtB3_14___FieldVisitorNtB1x_7Visitor11visit_bytespEBg_
FN:5,_RINvXNvXNvNtNtNtNtCsj8D8oY7Jkn7_9shortener3url11application4dtos7url_dtos_1__NtB8_10URLBaseDtoNtNtCslQfTJzcUtmx_5serde2de11Deserialize11deserializeNtB3_14___FieldVisitorNtB1w_7Visitor11visit_bytespEBg_
FN:12,_RINvXNvXNvNtNtNtNtCsj8D8oY7Jkn7_9shortener3url11application4dtos7url_dtos1_1__NtB8_6URLDtoNtNtCslQfTJzcUtmx_5serde2de11Deserialize11deserializeNtB3_14___FieldVisitorNtB1s_7Visitor11visit_bytespEBg_
FN:12,_RINvXNvXNvNtNtNtNtCsj8D8oY7Jkn7_9shortener3url11application4dtos7url_dtos1_1__NtB8_6URLDtoNtNtCslQfTJzcUtmx_5serde2de11Deserialize11deserializeNtB3_14___FieldVisitorNtB1s_7Visitor9visit_strpEBg_
FN:12,_RINvXs_NvXNvNtNtNtNtCsj8D8oY7Jkn7_9shortener3url11application4dtos7url_dtos1_1__NtBa_6URLDtoNtNtCslQfTJzcUtmx_5serde2de11Deserialize11deserializeNtB5_7___FieldB1s_11deserializepEBi_
FN:20,_RINvXNvXNvNtNtNtNtCsj8D8oY7Jkn7_9shortener3url11application4dtos7url_dtos3_1__NtB8_10URLInfoDtoNtNtCslQfTJzcUtmx_5serde2de11Deserialize11deserializeNtB3_14___FieldVisitorNtB1x_7Visitor9visit_strpEBg_
FN:5,_RNvXs1_NtNtNtNtCsj8D8oY7Jkn7_9shortener3url11application4dtos7url_dtoNtB5_10URLBaseDtoNtNtCs2TW8dYrBCkv_4core5clone5Clone5cloneBd_
FN:12,_RINvXs0_NvXNvNtNtNtNtCsj8D8oY7Jkn7_9shortener3url11application4dtos7url_dtos1_1__NtBb_6URLDtoNtNtCslQfTJzcUtmx_5serde2de11Deserialize11deserializeNtB6_9___VisitorNtB1v_7Visitor9visit_seqpEBj_
FN:20,_RNvXNvXNvNtNtNtNtCsj8D8oY7Jkn7_9shortener3url11application4dtos7url_dtos3_1__NtB7_10URLInfoDtoNtNtCslQfTJzcUtmx_5serde2de11Deserialize11deserializeNtB2_14___FieldVisitorNtB1w_7Visitor9expecting
FN:5,_RNvXNvXNvNtNtNtNtCsj8D8oY7Jkn7_9shortener3url11application4dtos7url_dtos_1__NtB7_10URLBaseDtoNtNtCslQfTJzcUtmx_5serde2de11Deserialize11deserializeNtB2_14___FieldVisitorNtB1v_7Visitor9expecting
FN:20,_RNvXs4_NtNtNtNtCsj8D8oY7Jkn7_9shortener3url11application4dtos7url_dtoNtB5_10URLInfoDtoNtNtCs2TW8dYrBCkv_4core3fmt5Debug3fmtBd_
FN:5,_RNvXs0_NtNtNtNtCsj8D8oY7Jkn7_9shortener3url11application4dtos7url_dtoNtB5_10URLBaseDtoNtNtCs2TW8dYrBCkv_4core3fmt5Debug3fmtBd_
FN:20,_RINvXs0_NvXNvNtNtNtNtCsj8D8oY7Jkn7_9shortener3url11application4dtos7url_dtos3_1__NtBb_10URLInfoDtoNtNtCslQfTJzcUtmx_5serde2de11Deserialize11deserializeNtB6_9___VisitorNtB1A_7Visitor9visit_seqpEBj_
FN:12,_RNvXNvXNvNtNtNtNtCsj8D8oY7Jkn7_9shortener3url11application4dtos7url_dtos1_1__NtB7_6URLDtoNtNtCslQfTJzcUtmx_5serde2de11Deserialize11deserializeNtB2_14___FieldVisitorNtB1r_7Visitor9expecting
FN:12,_RNvXs0_NvXNvNtNtNtNtCsj8D8oY7Jkn7_9shortener3url11application4dtos7url_dtos1_1__NtBa_6URLDtoNtNtCslQfTJzcUtmx_5serde2de11Deserialize11deserializeNtB5_9___VisitorNtB1u_7Visitor9expecting
FN:12,_RNvXs3_NtNtNtNtCsj8D8oY7Jkn7_9shortener3url11application4dtos7url_dtoNtB5_6URLDtoNtNtCs2TW8dYrBCkv_4core5clone5Clone5cloneBd_
FN:20,_RNvXs0_NvXNvNtNtNtNtCsj8D8oY7Jkn7_9shortener3url11application4dtos7url_dtos3_1__NtBa_10URLInfoDtoNtNtCslQfTJzcUtmx_5serde2de11Deserialize11deserializeNtB5_9___VisitorNtB1z_7Visitor9expecting
FN:20,_RINvXNvNtNtNtNtCsj8D8oY7Jkn7_9shortener3url11application4dtos7url_dtos3_1__NtB5_10URLInfoDtoNtNtCslQfTJzcUtmx_5serde2de11Deserialize11deserializepEBd_
FN:12,_RINvXNvNtNtNtNtCsj8D8oY7Jkn7_9shortener3url11application4dtos7url_dtos0_1__NtB5_6URLDtoNtNtCslQfTJzcUtmx_5serde3ser9Serialize9serializepEBd_
FN:5,_RINvXNvXNvNtNtNtNtCsj8D8oY7Jkn7_9shortener3url11application4dtos7url_dtos_1__NtB8_10URLBaseDtoNtNtCslQfTJzcUtmx_5serde2de11Deserialize11deserializeNtB3_14___FieldVisitorNtB1w_7Visitor9visit_u64pEBg_
FN:12,_RINvXNvXNvNtNtNtNtCsj8D8oY7Jkn7_9shortener3url11application4dtos7url_dtos1_1__NtB8_6URLDtoNtNtCslQfTJzcUtmx_5serde2de11Deserialize11deserializeNtB3_14___FieldVisitorNtB1s_7Visitor9visit_u64pEBg_
FN:5,_RNvXs0_NvXNvNtNtNtNtCsj8D8oY7Jkn7_9shortener3url11application4dtos7url_dtos_1__NtBa_10URLBaseDtoNtNtCslQfTJzcUtmx_5serde2de11Deserialize11deserializeNtB5_9___VisitorNtB1y_7Visitor9expecting
FN:36,_RNvXNtNtNtNtCsj8D8oY7Jkn7_9shortener3url11application4dtos7url_dtoNtB2_11CustomErrorNtNtCs2TW8dYrBCkv_4core3fmt7Display3fmt
FN:42,_RNvMs_NtNtNtNtCsj8D8oY7Jkn7_9shortener3url11application4dtos7url_dtoNtB4_11CustomError3new
FN:29,_RNvXs7_NtNtNtNtCsj8D8oY7Jkn7_9shortener3url11application4dtos7url_dtoNtB5_11CustomErrorNtNtCs2TW8dYrBCkv_4core3fmt5Debug3fmtBd_
FN:5,_RINvXNvXNvNtNtNtNtCsj8D8oY7Jkn7_9shortener3url11application4dtos7url_dtos_1__NtB8_10URLBaseDtoNtNtCslQfTJzcUtmx_5serde2de11Deserialize11deserializeNtB3_14___FieldVisitorNtB1w_7Visitor9visit_strNtNtCscKT0iLiyOWA_10serde_json5error5ErrorEBg_
FN:5,_RINvXs_NvXNvNtNtNtNtCsj8D8oY7Jkn7_9shortener3url11application4dtos7url_dtos_1__NtBa_10URLBaseDtoNtNtCslQfTJzcUtmx_5serde2de11Deserialize11deserializeNtB5_7___FieldB1w_11deserializeINtNtCscKT0iLiyOWA_10serde_json2de6MapKeyNtNtB2X_4read9SliceReadEEBi_
FN:5,_RINvXs0_NvXNvNtNtNtNtCsj8D8oY7Jkn7_9shortener3url11application4dtos7url_dtos_1__NtBb_10URLBaseDtoNtNtCslQfTJzcUtmx_5serde2de11Deserialize11deserializeNtB6_9___VisitorNtB1z_7Visitor9visit_mapINtNtCscKT0iLiyOWA_10serde_json2de9MapAccessNtNtB37_4read9SliceReadEEBj_
FN:5,_RINvXs0_NvXNvNtNtNtNtCsj8D8oY7Jkn7_9shortener3url11application4dtos7url_dtos_1__NtBb_10URLBaseDtoNtNtCslQfTJzcUtmx_5serde2de11Deserialize11deserializeNtB6_9___VisitorNtB1z_7Visitor9visit_seqINtNtCscKT0iLiyOWA_10serde_json2de9SeqAccessNtNtB37_4read9SliceReadEEBj_
FN:29,_RINvXNvNtNtNtNtCsj8D8oY7Jkn7_9shortener3url11application4dtos7url_dtos4_1__NtB5_11CustomErrorNtNtCslQfTJzcUtmx_5serde3ser9Serialize9serializeQINtNtCscKT0iLiyOWA_10serde_json3ser10SerializerQINtNtCsgCZNw7TX6xD_5alloc3vec3VechEEEBd_
FN:5,_RINvXNvNtNtNtNtCsj8D8oY7Jkn7_9shortener3url11application4dtos7url_dto1__NtB5_10URLBaseDtoNtNtCslQfTJzcUtmx_5serde3ser9Serialize9serializeQINtNtCscKT0iLiyOWA_10serde_json3ser10SerializerQINtNtCsgCZNw7TX6xD_5alloc3vec3VechEEEBd_
FN:5,_RINvXNvNtNtNtNtCsj8D8oY7Jkn7_9shortener3url11application4dtos7url_dtos_1__NtB5_10URLBaseDtoNtNtCslQfTJzcUtmx_5serde2de11Deserialize11deserializeQINtNtCscKT0iLiyOWA_10serde_json2de12DeserializerNtNtB2o_4read9SliceReadEEBd_
FN:20,_RINvXNvNtNtNtNtCsj8D8oY7Jkn7_9shortener3url11application4dtos7url_dtos2_1__NtB5_10URLInfoDtoNtNtCslQfTJzcUtmx_5serde3ser9Serialize9serializeQINtNtCscKT0iLiyOWA_10serde_json3ser10SerializerQINtNtCsgCZNw7TX6xD_5alloc3vec3VechEEEBd_
FN:12,_RINvXNvXNvNtNtNtNtCseXfsMIIEWXV_9shortener3url11application4dtos7url_dtos1_1__NtB8_6URLDtoNtNtCslQfTJzcUtmx_5serde2de11Deserialize11deserializeNtB3_14___FieldVisitorNtB1s_7Visitor9visit_strpEBg_
FN:20,_RNvXs5_NtNtNtNtCseXfsMIIEWXV_9shortener3url11application4dtos7url_dtoNtB5_10URLInfoDtoNtNtCs2TW8dYrBCkv_4core5clone5Clone5cloneBd_
FN:20,_RINvXs0_NvXNvNtNtNtNtCseXfsMIIEWXV_9shortener3url11application4dtos7url_dtos3_1__NtBb_10URLInfoDtoNtNtCslQfTJzcUtmx_5serde2de11Deserialize11deserializeNtB6_9___VisitorNtB1A_7Visitor9visit_mappEBj_
FN:5,_RNvXs1_NtNtNtNtCseXfsMIIEWXV_9shortener3url11application4dtos7url_dtoNtB5_10URLBaseDtoNtNtCs2TW8dYrBCkv_4core5clone5Clone5cloneBd_
FN:12,_RINvXs0_NvXNvNtNtNtNtCseXfsMIIEWXV_9shortener3url11application4dtos7url_dtos1_1__NtBb_6URLDtoNtNtCslQfTJzcUtmx_5serde2de11Deserialize11deserializeNtB6_9___VisitorNtB1v_7Visitor9visit_mappEBj_
FN:12,_RINvXNvNtNtNtNtCseXfsMIIEWXV_9shortener3url11application4dtos7url_dtos1_1__NtB5_6URLDtoNtNtCslQfTJzcUtmx_5serde2de11Deserialize11deserializepEBd_
FN:20,_RNvXNvXNvNtNtNtNtCseXfsMIIEWXV_9shortener3url11application4dtos7url_dtos3_1__NtB7_10URLInfoDtoNtNtCslQfTJzcUtmx_5serde2de11Deserialize11deserializeNtB2_14___FieldVisitorNtB1w_7Visitor9expecting
FN:20,_RINvXs_NvXNvNtNtNtNtCseXfsMIIEWXV_9shortener3url11application4dtos7url_dtos3_1__NtBa_10URLInfoDtoNtNtCslQfTJzcUtmx_5serde2de11Deserialize11deserializeNtB5_7___FieldB1x_11deserializepEBi_
FN:20,_RNvXs0_NvXNvNtNtNtNtCseXfsMIIEWXV_9shortener3url11application4dtos7url_dtos3_1__NtBa_10URLInfoDtoNtNtCslQfTJzcUtmx_5serde2de11Deserialize11deserializeNtB5_9___VisitorNtB1z_7Visitor9expecting
FN:5,_RINvXNvXNvNtNtNtNtCseXfsMIIEWXV_9shortener3url11application4dtos7url_dtos_1__NtB8_10URLBaseDtoNtNtCslQfTJzcUtmx_5serde2de11Deserialize11deserializeNtB3_14___FieldVisitorNtB1w_7Visitor11visit_bytespEBg_
FN:12,_RINvXNvXNvNtNtNtNtCseXfsMIIEWXV_9shortener3url11application4dtos7url_dtos1_1__NtB8_6URLDtoNtNtCslQfTJzcUtmx_5serde2de11Deserialize11deserializeNtB3_14___FieldVisitorNtB1s_7Visitor9visit_u64pEBg_
FN:20,_RINvXNvXNvNtNtNtNtCseXfsMIIEWXV_9shortener3url11application4dtos7url_dtos3_1__NtB8_10URLInfoDtoNtNtCslQfTJzcUtmx_5serde2de11Deserialize11deserializeNtB3_14___FieldVisitorNtB1x_7Visitor11visit_bytespEBg_
FN:12,_RINvXNvNtNtNtNtCseXfsMIIEWXV_9shortener3url11application4dtos7url_dtos0_1__NtB5_6URLDtoNtNtCslQfTJzcUtmx_5serde3ser9Serialize9serializepEBd_
FN:12,_RNvXs3_NtNtNtNtCseXfsMIIEWXV_9shortener3url11application4dtos7url_dtoNtB5_6URLDtoNtNtCs2TW8dYrBCkv_4core5clone5Clone5cloneBd_
FN:20,_RNvXs4_NtNtNtNtCseXfsMIIEWXV_9shortener3url11application4dtos7url_dtoNtB5_10URLInfoDtoNtNtCs2TW8dYrBCkv_4core3fmt5Debug3fmtBd_
FN:5,_RNvXs0_NtNtNtNtCseXfsMIIEWXV_9shortener3url11application4dtos7url_dtoNtB5_10URLBaseDtoNtNtCs2TW8dYrBCkv_4core3fmt5Debug3fmtBd_
FN:12,_RNvXNvXNvNtNtNtNtCseXfsMIIEWXV_9shortener3url11application4dtos7url_dtos1_1__NtB7_6URLDtoNtNtCslQfTJzcUtmx_5serde2de11Deserialize11deserializeNtB2_14___FieldVisitorNtB1r_7Visitor9expecting
FN:12,_RNvXs0_NvXNvNtNtNtNtCseXfsMIIEWXV_9shortener3url11application4dtos7url_dtos1_1__NtBa_6URLDtoNtNtCslQfTJzcUtmx_5serde2de11Deserialize11deserializeNtB5_9___VisitorNtB1u_7Visitor9expecting
FN:29,_RNvXs7_NtNtNtNtCseXfsMIIEWXV_9shortener3url11application4dtos7url_dtoNtB5_11CustomErrorNtNtCs2TW8dYrBCkv_4core3fmt5Debug3fmtBd_
FN:20,_RINvXs0_NvXNvNtNtNtNtCseXfsMIIEWXV_9shortener3url11application4dtos7url_dtos3_1__NtBb_10URLInfoDtoNtNtCslQfTJzcUtmx_5serde2de11Deserialize11deserializeNtB6_9___VisitorNtB1A_7Visitor9visit_seqpEBj_
FN:5,_RINvXNvNtNtNtNtCseXfsMIIEWXV_9shortener3url11application4dtos7url_dto1__NtB5_10URLBaseDtoNtNtCslQfTJzcUtmx_5serde3ser9Serialize9serializepEBd_
FN:20,_RINvXNvXNvNtNtNtNtCseXfsMIIEWXV_9shortener3url11application4dtos7url_dtos3_1__NtB8_10URLInfoDtoNtNtCslQfTJzcUtmx_5serde2de11Deserialize11deserializeNtB3_14___FieldVisitorNtB1x_7Visitor9visit_u64pEBg_
FN:12,_RINvXs_NvXNvNtNtNtNtCseXfsMIIEWXV_9shortener3url11application4dtos7url_dtos1_1__NtBa_6URLDtoNtNtCslQfTJzcUtmx_5serde2de11Deserialize11deserializeNtB5_7___FieldB1s_11deserializepEBi_
FN:12,_RINvXs0_NvXNvNtNtNtNtCseXfsMIIEWXV_9shortener3url11application4dtos7url_dtos1_1__NtBb_6URLDtoNtNtCslQfTJzcUtmx_5serde2de11Deserialize11deserializeNtB6_9___VisitorNtB1v_7Visitor9visit_seqpEBj_
FN:20,_RINvXNvNtNtNtNtCseXfsMIIEWXV_9shortener3url11application4dtos7url_dtos3_1__NtB5_10URLInfoDtoNtNtCslQfTJzcUtmx_5serde2de11Deserialize11deserializepEBd_
FN:20,_RINvXNvXNvNtNtNtNtCseXfsMIIEWXV_9shortener3url11application4dtos7url_dtos3_1__NtB8_10URLInfoDtoNtNtCslQfTJzcUtmx_5serde2de11Deserialize11deserializeNtB3_14___FieldVisitorNtB1x_7Visitor9visit_strpEBg_
FN:12,_RNvXs2_NtNtNtNtCseXfsMIIEWXV_9shortener3url11application4dtos7url_dtoNtB5_6URLDtoNtNtCs2TW8dYrBCkv_4core3fmt5Debug3fmtBd_
FN:12,_RINvXNvXNvNtNtNtNtCseXfsMIIEWXV_9shortener3url11application4dtos7url_dtos1_1__NtB8_6URLDtoNtNtCslQfTJzcUtmx_5serde2de11Deserialize11deserializeNtB3_14___FieldVisitorNtB1s_7Visitor11visit_bytespEBg_
FN:36,_RNvXNtNtNtNtCseXfsMIIEWXV_9shortener3url11application4dtos7url_dtoNtB2_11CustomErrorNtNtCs2TW8dYrBCkv_4core3fmt7Display3fmt
FN:5,_RINvXNvXNvNtNtNtNtCseXfsMIIEWXV_9shortener3url11application4dtos7url_dtos_1__NtB8_10URLBaseDtoNtNtCslQfTJzcUtmx_5serde2de11Deserialize11deserializeNtB3_14___FieldVisitorNtB1w_7Visitor9visit_u64pEBg_
FN:5,_RNvXNvXNvNtNtNtNtCseXfsMIIEWXV_9shortener3url11application4dtos7url_dtos_1__NtB7_10URLBaseDtoNtNtCslQfTJzcUtmx_5serde2de11Deserialize11deserializeNtB2_14___FieldVisitorNtB1v_7Visitor9expecting
FN:5,_RNvXs0_NvXNvNtNtNtNtCseXfsMIIEWXV_9shortener3url11application4dtos7url_dtos_1__NtBa_10URLBaseDtoNtNtCslQfTJzcUtmx_5serde2de11Deserialize11deserializeNtB5_9___VisitorNtB1y_7Visitor9expecting
FN:42,_RNvMs_NtNtNtNtCseXfsMIIEWXV_9shortener3url11application4dtos7url_dtoNtB4_11CustomError3new
FN:5,_RINvXs_NvXNvNtNtNtNtCseXfsMIIEWXV_9shortener3url11application4dtos7url_dtos_1__NtBa_10URLBaseDtoNtNtCslQfTJzcUtmx_5serde2de11Deserialize11deserializeNtB5_7___FieldB1w_11deserializeINtNtCscKT0iLiyOWA_10serde_json2de6MapKeyNtNtB2X_4read9SliceReadEEBi_
FN:29,_RINvXNvNtNtNtNtCseXfsMIIEWXV_9shortener3url11application4dtos7url_dtos4_1__NtB5_11CustomErrorNtNtCslQfTJzcUtmx_5serde3ser9Serialize9serializeQINtNtCscKT0iLiyOWA_10serde_json3ser10SerializerQINtNtCsgCZNw7TX6xD_5alloc3vec3VechEEEBd_
FN:5,_RINvXs0_NvXNvNtNtNtNtCseXfsMIIEWXV_9shortener3url11application4dtos7url_dtos_1__NtBb_10URLBaseDtoNtNtCslQfTJzcUtmx_5serde2de11Deserialize11deserializeNtB6_9___VisitorNtB1z_7Visitor9visit_mapINtNtCscKT0iLiyOWA_10serde_json2de9MapAccessNtNtB37_4read9SliceReadEEBj_
FN:20,_RINvXNvNtNtNtNtCseXfsMIIEWXV_9shortener3url11application4dtos7url_dtos2_1__NtB5_10URLInfoDtoNtNtCslQfTJzcUtmx_5serde3ser9Serialize9serializeQINtNtCscKT0iLiyOWA_10serde_json3ser10SerializerQINtNtCsgCZNw7TX6xD_5alloc3vec3VechEEEBd_
FN:5,_RINvXs0_NvXNvNtNtNtNtCseXfsMIIEWXV_9shortener3url11application4dtos7url_dtos_1__NtBb_10URLBaseDtoNtNtCslQfTJzcUtmx_5serde2de11Deserialize11deserializeNtB6_9___VisitorNtB1z_7Visitor9visit_seqINtNtCscKT0iLiyOWA_10serde_json2de9SeqAccessNtNtB37_4read9SliceReadEEBj_
FN:5,_RINvXNvNtNtNtNtCseXfsMIIEWXV_9shortener3url11application4dtos7url_dtos_1__NtB5_10URLBaseDtoNtNtCslQfTJzcUtmx_5serde2de11Deserialize11deserializeQINtNtCscKT0iLiyOWA_10serde_json2de12DeserializerNtNtB2o_4read9SliceReadEEBd_
FN:5,_RINvXNvXNvNtNtNtNtCseXfsMIIEWXV_9shortener3url11application4dtos7url_dtos_1__NtB8_10URLBaseDtoNtNtCslQfTJzcUtmx_5serde2de11Deserialize11deserializeNtB3_14___FieldVisitorNtB1w_7Visitor9visit_strNtNtCscKT0iLiyOWA_10serde_json5error5ErrorEBg_
FNDA:0,_RNvXs2_NtNtNtNtCsj8D8oY7Jkn7_9shortener3url11application4dtos7url_dtoNtB5_6URLDtoNtNtCs2TW8dYrBCkv_4core3fmt5Debug3fmtBd_
FNDA:0,_RINvXNvXNvNtNtNtNtCsj8D8oY7Jkn7_9shortener3url11application4dtos7url_dtos3_1__NtB8_10URLInfoDtoNtNtCslQfTJzcUtmx_5serde2de11Deserialize11deserializeNtB3_14___FieldVisitorNtB1x_7Visitor9visit_u64pEBg_
FNDA:0,_RINvXNvNtNtNtNtCsj8D8oY7Jkn7_9shortener3url11application4dtos7url_dtos1_1__NtB5_6URLDtoNtNtCslQfTJzcUtmx_5serde2de11Deserialize11deserializepEBd_
FNDA:0,_RINvXs_NvXNvNtNtNtNtCsj8D8oY7Jkn7_9shortener3url11application4dtos7url_dtos3_1__NtBa_10URLInfoDtoNtNtCslQfTJzcUtmx_5serde2de11Deserialize11deserializeNtB5_7___FieldB1x_11deserializepEBi_
FNDA:0,_RINvXs0_NvXNvNtNtNtNtCsj8D8oY7Jkn7_9shortener3url11application4dtos7url_dtos3_1__NtBb_10URLInfoDtoNtNtCslQfTJzcUtmx_5serde2de11Deserialize11deserializeNtB6_9___VisitorNtB1A_7Visitor9visit_mappEBj_
FNDA:0,_RINvXs0_NvXNvNtNtNtNtCsj8D8oY7Jkn7_9shortener3url11application4dtos7url_dtos1_1__NtBb_6URLDtoNtNtCslQfTJzcUtmx_5serde2de11Deserialize11deserializeNtB6_9___VisitorNtB1v_7Visitor9visit_mappEBj_
FNDA:0,_RNvXs5_NtNtNtNtCsj8D8oY7Jkn7_9shortener3url11application4dtos7url_dtoNtB5_10URLInfoDtoNtNtCs2TW8dYrBCkv_4core5clone5Clone5cloneBd_
FNDA:0,_RINvXNvXNvNtNtNtNtCsj8D8oY7Jkn7_9shortener3url11application4dtos7url_dtos3_1__NtB8_10URLInfoDtoNtNtCslQfTJzcUtmx_5serde2de11Deserialize11deserializeNtB3_14___FieldVisitorNtB1x_7Visitor11visit_bytespEBg_
FNDA:0,_RINvXNvXNvNtNtNtNtCsj8D8oY7Jkn7_9shortener3url11application4dtos7url_dtos_1__NtB8_10URLBaseDtoNtNtCslQfTJzcUtmx_5serde2de11Deserialize11deserializeNtB3_14___FieldVisitorNtB1w_7Visitor11visit_bytespEBg_
FNDA:0,_RINvXNvXNvNtNtNtNtCsj8D8oY7Jkn7_9shortener3url11application4dtos7url_dtos1_1__NtB8_6URLDtoNtNtCslQfTJzcUtmx_5serde2de11Deserialize11deserializeNtB3_14___FieldVisitorNtB1s_7Visitor11visit_bytespEBg_
FNDA:0,_RINvXNvXNvNtNtNtNtCsj8D8oY7Jkn7_9shortener3url11application4dtos7url_dtos1_1__NtB8_6URLDtoNtNtCslQfTJzcUtmx_5serde2de11Deserialize11deserializeNtB3_14___FieldVisitorNtB1s_7Visitor9visit_strpEBg_
FNDA:0,_RINvXs_NvXNvNtNtNtNtCsj8D8oY7Jkn7_9shortener3url11application4dtos7url_dtos1_1__NtBa_6URLDtoNtNtCslQfTJzcUtmx_5serde2de11Deserialize11deserializeNtB5_7___FieldB1s_11deserializepEBi_
FNDA:0,_RINvXNvXNvNtNtNtNtCsj8D8oY7Jkn7_9shortener3url11application4dtos7url_dtos3_1__NtB8_10URLInfoDtoNtNtCslQfTJzcUtmx_5serde2de11Deserialize11deserializeNtB3_14___FieldVisitorNtB1x_7Visitor9visit_strpEBg_
FNDA:0,_RNvXs1_NtNtNtNtCsj8D8oY7Jkn7_9shortener3url11application4dtos7url_dtoNtB5_10URLBaseDtoNtNtCs2TW8dYrBCkv_4core5clone5Clone5cloneBd_
FNDA:0,_RINvXs0_NvXNvNtNtNtNtCsj8D8oY7Jkn7_9shortener3url11application4dtos7url_dtos1_1__NtBb_6URLDtoNtNtCslQfTJzcUtmx_5serde2de11Deserialize11deserializeNtB6_9___VisitorNtB1v_7Visitor9visit_seqpEBj_
FNDA:0,_RNvXNvXNvNtNtNtNtCsj8D8oY7Jkn7_9shortener3url11application4dtos7url_dtos3_1__NtB7_10URLInfoDtoNtNtCslQfTJzcUtmx_5serde2de11Deserialize11deserializeNtB2_14___FieldVisitorNtB1w_7Visitor9expecting
FNDA:0,_RNvXNvXNvNtNtNtNtCsj8D8oY7Jkn7_9shortener3url11application4dtos7url_dtos_1__NtB7_10URLBaseDtoNtNtCslQfTJzcUtmx_5serde2de11Deserialize11deserializeNtB2_14___FieldVisitorNtB1v_7Visitor9expecting
FNDA:0,_RNvXs4_NtNtNtNtCsj8D8oY7Jkn7_9shortener3url11application4dtos7url_dtoNtB5_10URLInfoDtoNtNtCs2TW8dYrBCkv_4core3fmt5Debug3fmtBd_
FNDA:0,_RNvXs0_NtNtNtNtCsj8D8oY7Jkn7_9shortener3url11application4dtos7url_dtoNtB5_10URLBaseDtoNtNtCs2TW8dYrBCkv_4core3fmt5Debug3fmtBd_
FNDA:0,_RINvXs0_NvXNvNtNtNtNtCsj8D8oY7Jkn7_9shortener3url11application4dtos7url_dtos3_1__NtBb_10URLInfoDtoNtNtCslQfTJzcUtmx_5serde2de11Deserialize11deserializeNtB6_9___VisitorNtB1A_7Visitor9visit_seqpEBj_
FNDA:0,_RNvXNvXNvNtNtNtNtCsj8D8oY7Jkn7_9shortener3url11application4dtos7url_dtos1_1__NtB7_6URLDtoNtNtCslQfTJzcUtmx_5serde2de11Deserialize11deserializeNtB2_14___FieldVisitorNtB1r_7Visitor9expecting
FNDA:0,_RNvXs0_NvXNvNtNtNtNtCsj8D8oY7Jkn7_9shortener3url11application4dtos7url_dtos1_1__NtBa_6URLDtoNtNtCslQfTJzcUtmx_5serde2de11Deserialize11deserializeNtB5_9___VisitorNtB1u_7Visitor9expecting
FNDA:0,_RNvXs3_NtNtNtNtCsj8D8oY7Jkn7_9shortener3url11application4dtos7url_dtoNtB5_6URLDtoNtNtCs2TW8dYrBCkv_4core5clone5Clone5cloneBd_
FNDA:0,_RNvXs0_NvXNvNtNtNtNtCsj8D8oY7Jkn7_9shortener3url11application4dtos7url_dtos3_1__NtBa_10URLInfoDtoNtNtCslQfTJzcUtmx_5serde2de11Deserialize11deserializeNtB5_9___VisitorNtB1z_7Visitor9expecting
FNDA:0,_RINvXNvNtNtNtNtCsj8D8oY7Jkn7_9shortener3url11application4dtos7url_dtos3_1__NtB5_10URLInfoDtoNtNtCslQfTJzcUtmx_5serde2de11Deserialize11deserializepEBd_
FNDA:0,_RINvXNvNtNtNtNtCsj8D8oY7Jkn7_9shortener3url11application4dtos7url_dtos0_1__NtB5_6URLDtoNtNtCslQfTJzcUtmx_5serde3ser9Serialize9serializepEBd_
FNDA:0,_RINvXNvXNvNtNtNtNtCsj8D8oY7Jkn7_9shortener3url11application4dtos7url_dtos_1__NtB8_10URLBaseDtoNtNtCslQfTJzcUtmx_5serde2de11Deserialize11deserializeNtB3_14___FieldVisitorNtB1w_7Visitor9visit_u64pEBg_
FNDA:0,_RINvXNvXNvNtNtNtNtCsj8D8oY7Jkn7_9shortener3url11application4dtos7url_dtos1_1__NtB8_6URLDtoNtNtCslQfTJzcUtmx_5serde2de11Deserialize11deserializeNtB3_14___FieldVisitorNtB1s_7Visitor9visit_u64pEBg_
FNDA:0,_RNvXs0_NvXNvNtNtNtNtCsj8D8oY7Jkn7_9shortener3url11application4dtos7url_dtos_1__NtBa_10URLBaseDtoNtNtCslQfTJzcUtmx_5serde2de11Deserialize11deserializeNtB5_9___VisitorNtB1y_7Visitor9expecting
FNDA:1,_RNvXNtNtNtNtCsj8D8oY7Jkn7_9shortener3url11application4dtos7url_dtoNtB2_11CustomErrorNtNtCs2TW8dYrBCkv_4core3fmt7Display3fmt
FNDA:2,_RNvMs_NtNtNtNtCsj8D8oY7Jkn7_9shortener3url11application4dtos7url_dtoNtB4_11CustomError3new
FNDA:0,_RNvXs7_NtNtNtNtCsj8D8oY7Jkn7_9shortener3url11application4dtos7url_dtoNtB5_11CustomErrorNtNtCs2TW8dYrBCkv_4core3fmt5Debug3fmtBd_
FNDA:4,_RINvXNvXNvNtNtNtNtCsj8D8oY7Jkn7_9shortener3url11application4dtos7url_dtos_1__NtB8_10URLBaseDtoNtNtCslQfTJzcUtmx_5serde2de11Deserialize11deserializeNtB3_14___FieldVisitorNtB1w_7Visitor9visit_strNtNtCscKT0iLiyOWA_10serde_json5error5ErrorEBg_
FNDA:4,_RINvXs_NvXNvNtNtNtNtCsj8D8oY7Jkn7_9shortener3url11application4dtos7url_dtos_1__NtBa_10URLBaseDtoNtNtCslQfTJzcUtmx_5serde2de11Deserialize11deserializeNtB5_7___FieldB1w_11deserializeINtNtCscKT0iLiyOWA_10serde_json2de6MapKeyNtNtB2X_4read9SliceReadEEBi_
FNDA:2,_RINvXs0_NvXNvNtNtNtNtCsj8D8oY7Jkn7_9shortener3url11application4dtos7url_dtos_1__NtBb_10URLBaseDtoNtNtCslQfTJzcUtmx_5serde2de11Deserialize11deserializeNtB6_9___VisitorNtB1z_7Visitor9visit_mapINtNtCscKT0iLiyOWA_10serde_json2de9MapAccessNtNtB37_4read9SliceReadEEBj_
FNDA:0,_RINvXs0_NvXNvNtNtNtNtCsj8D8oY7Jkn7_9shortener3url11application4dtos7url_dtos_1__NtBb_10URLBaseDtoNtNtCslQfTJzcUtmx_5serde2de11Deserialize11deserializeNtB6_9___VisitorNtB1z_7Visitor9visit_seqINtNtCscKT0iLiyOWA_10serde_json2de9SeqAccessNtNtB37_4read9SliceReadEEBj_
FNDA:1,_RINvXNvNtNtNtNtCsj8D8oY7Jkn7_9shortener3url11application4dtos7url_dtos4_1__NtB5_11CustomErrorNtNtCslQfTJzcUtmx_5serde3ser9Serialize9serializeQINtNtCscKT0iLiyOWA_10serde_json3ser10SerializerQINtNtCsgCZNw7TX6xD_5alloc3vec3VechEEEBd_
FNDA:2,_RINvXNvNtNtNtNtCsj8D8oY7Jkn7_9shortener3url11application4dtos7url_dto1__NtB5_10URLBaseDtoNtNtCslQfTJzcUtmx_5serde3ser9Serialize9serializeQINtNtCscKT0iLiyOWA_10serde_json3ser10SerializerQINtNtCsgCZNw7TX6xD_5alloc3vec3VechEEEBd_
FNDA:2,_RINvXNvNtNtNtNtCsj8D8oY7Jkn7_9shortener3url11application4dtos7url_dtos_1__NtB5_10URLBaseDtoNtNtCslQfTJzcUtmx_5serde2de11Deserialize11deserializeQINtNtCscKT0iLiyOWA_10serde_json2de12DeserializerNtNtB2o_4read9SliceReadEEBd_
FNDA:3,_RINvXNvNtNtNtNtCsj8D8oY7Jkn7_9shortener3url11application4dtos7url_dtos2_1__NtB5_10URLInfoDtoNtNtCslQfTJzcUtmx_5serde3ser9Serialize9serializeQINtNtCscKT0iLiyOWA_10serde_json3ser10SerializerQINtNtCsgCZNw7TX6xD_5alloc3vec3VechEEEBd_
FNDA:0,_RINvXNvXNvNtNtNtNtCseXfsMIIEWXV_9shortener3url11application4dtos7url_dtos1_1__NtB8_6URLDtoNtNtCslQfTJzcUtmx_5serde2de11Deserialize11deserializeNtB3_14___FieldVisitorNtB1s_7Visitor9visit_strpEBg_
FNDA:0,_RNvXs5_NtNtNtNtCseXfsMIIEWXV_9shortener3url11application4dtos7url_dtoNtB5_10URLInfoDtoNtNtCs2TW8dYrBCkv_4core5clone5Clone5cloneBd_
FNDA:0,_RINvXs0_NvXNvNtNtNtNtCseXfsMIIEWXV_9shortener3url11application4dtos7url_dtos3_1__NtBb_10URLInfoDtoNtNtCslQfTJzcUtmx_5serde2de11Deserialize11deserializeNtB6_9___VisitorNtB1A_7Visitor9visit_mappEBj_
FNDA:0,_RNvXs1_NtNtNtNtCseXfsMIIEWXV_9shortener3url11application4dtos7url_dtoNtB5_10URLBaseDtoNtNtCs2TW8dYrBCkv_4core5clone5Clone5cloneBd_
FNDA:0,_RINvXs0_NvXNvNtNtNtNtCseXfsMIIEWXV_9shortener3url11application4dtos7url_dtos1_1__NtBb_6URLDtoNtNtCslQfTJzcUtmx_5serde2de11Deserialize11deserializeNtB6_9___VisitorNtB1v_7Visitor9visit_mappEBj_
FNDA:0,_RINvXNvNtNtNtNtCseXfsMIIEWXV_9shortener3url11application4dtos7url_dtos1_1__NtB5_6URLDtoNtNtCslQfTJzcUtmx_5serde2de11Deserialize11deserializepEBd_
FNDA:0,_RNvXNvXNvNtNtNtNtCseXfsMIIEWXV_9shortener3url11application4dtos7url_dtos3_1__NtB7_10URLInfoDtoNtNtCslQfTJzcUtmx_5serde2de11Deserialize11deserializeNtB2_14___FieldVisitorNtB1w_7Visitor9expecting
FNDA:0,_RINvXs_NvXNvNtNtNtNtCseXfsMIIEWXV_9shortener3url11application4dtos7url_dtos3_1__NtBa_10URLInfoDtoNtNtCslQfTJzcUtmx_5serde2de11Deserialize11deserializeNtB5_7___FieldB1x_11deserializepEBi_
FNDA:0,_RNvXs0_NvXNvNtNtNtNtCseXfsMIIEWXV_9shortener3url11application4dtos7url_dtos3_1__NtBa_10URLInfoDtoNtNtCslQfTJzcUtmx_5serde2de11Deserialize11deserializeNtB5_9___VisitorNtB1z_7Visitor9expecting
FNDA:0,_RINvXNvXNvNtNtNtNtCseXfsMIIEWXV_9shortener3url11application4dtos7url_dtos_1__NtB8_10URLBaseDtoNtNtCslQfTJzcUtmx_5serde2de11Deserialize11deserializeNtB3_14___FieldVisitorNtB1w_7Visitor11visit_bytespEBg_
FNDA:0,_RINvXNvXNvNtNtNtNtCseXfsMIIEWXV_9shortener3url11application4dtos7url_dtos1_1__NtB8_6URLDtoNtNtCslQfTJzcUtmx_5serde2de11Deserialize11deserializeNtB3_14___FieldVisitorNtB1s_7Visitor9visit_u64pEBg_
FNDA:0,_RINvXNvXNvNtNtNtNtCseXfsMIIEWXV_9shortener3url11application4dtos7url_dtos3_1__NtB8_10URLInfoDtoNtNtCslQfTJzcUtmx_5serde2de11Deserialize11deserializeNtB3_14___FieldVisitorNtB1x_7Visitor11visit_bytespEBg_
FNDA:0,_RINvXNvNtNtNtNtCseXfsMIIEWXV_9shortener3url11application4dtos7url_dtos0_1__NtB5_6URLDtoNtNtCslQfTJzcUtmx_5serde3ser9Serialize9serializepEBd_
FNDA:0,_RNvXs3_NtNtNtNtCseXfsMIIEWXV_9shortener3url11application4dtos7url_dtoNtB5_6URLDtoNtNtCs2TW8dYrBCkv_4core5clone5Clone5cloneBd_
FNDA:0,_RNvXs4_NtNtNtNtCseXfsMIIEWXV_9shortener3url11application4dtos7url_dtoNtB5_10URLInfoDtoNtNtCs2TW8dYrBCkv_4core3fmt5Debug3fmtBd_
FNDA:0,_RNvXs0_NtNtNtNtCseXfsMIIEWXV_9shortener3url11application4dtos7url_dtoNtB5_10URLBaseDtoNtNtCs2TW8dYrBCkv_4core3fmt5Debug3fmtBd_
FNDA:0,_RNvXNvXNvNtNtNtNtCseXfsMIIEWXV_9shortener3url11application4dtos7url_dtos1_1__NtB7_6URLDtoNtNtCslQfTJzcUtmx_5serde2de11Deserialize11deserializeNtB2_14___FieldVisitorNtB1r_7Visitor9expecting
FNDA:0,_RNvXs0_NvXNvNtNtNtNtCseXfsMIIEWXV_9shortener3url11application4dtos7url_dtos1_1__NtBa_6URLDtoNtNtCslQfTJzcUtmx_5serde2de11Deserialize11deserializeNtB5_9___VisitorNtB1u_7Visitor9expecting
FNDA:0,_RNvXs7_NtNtNtNtCseXfsMIIEWXV_9shortener3url11application4dtos7url_dtoNtB5_11CustomErrorNtNtCs2TW8dYrBCkv_4core3fmt5Debug3fmtBd_
FNDA:0,_RINvXs0_NvXNvNtNtNtNtCseXfsMIIEWXV_9shortener3url11application4dtos7url_dtos3_1__NtBb_10URLInfoDtoNtNtCslQfTJzcUtmx_5serde2de11Deserialize11deserializeNtB6_9___VisitorNtB1A_7Visitor9visit_seqpEBj_
FNDA:0,_RINvXNvNtNtNtNtCseXfsMIIEWXV_9shortener3url11application4dtos7url_dto1__NtB5_10URLBaseDtoNtNtCslQfTJzcUtmx_5serde3ser9Serialize9serializepEBd_
FNDA:0,_RINvXNvXNvNtNtNtNtCseXfsMIIEWXV_9shortener3url11application4dtos7url_dtos3_1__NtB8_10URLInfoDtoNtNtCslQfTJzcUtmx_5serde2de11Deserialize11deserializeNtB3_14___FieldVisitorNtB1x_7Visitor9visit_u64pEBg_
FNDA:0,_RINvXs_NvXNvNtNtNtNtCseXfsMIIEWXV_9shortener3url11application4dtos7url_dtos1_1__NtBa_6URLDtoNtNtCslQfTJzcUtmx_5serde2de11Deserialize11deserializeNtB5_7___FieldB1s_11deserializepEBi_
FNDA:0,_RINvXs0_NvXNvNtNtNtNtCseXfsMIIEWXV_9shortener3url11application4dtos7url_dtos1_1__NtBb_6URLDtoNtNtCslQfTJzcUtmx_5serde2de11Deserialize11deserializeNtB6_9___VisitorNtB1v_7Visitor9visit_seqpEBj_
FNDA:0,_RINvXNvNtNtNtNtCseXfsMIIEWXV_9shortener3url11application4dtos7url_dtos3_1__NtB5_10URLInfoDtoNtNtCslQfTJzcUtmx_5serde2de11Deserialize11deserializepEBd_
FNDA:0,_RINvXNvXNvNtNtNtNtCseXfsMIIEWXV_9shortener3url11application4dtos7url_dtos3_1__NtB8_10URLInfoDtoNtNtCslQfTJzcUtmx_5serde2de11Deserialize11deserializeNtB3_14___FieldVisitorNtB1x_7Visitor9visit_strpEBg_
FNDA:0,_RNvXs2_NtNtNtNtCseXfsMIIEWXV_9shortener3url11application4dtos7url_dtoNtB5_6URLDtoNtNtCs2TW8dYrBCkv_4core3fmt5Debug3fmtBd_
FNDA:0,_RINvXNvXNvNtNtNtNtCseXfsMIIEWXV_9shortener3url11application4dtos7url_dtos1_1__NtB8_6URLDtoNtNtCslQfTJzcUtmx_5serde2de11Deserialize11deserializeNtB3_14___FieldVisitorNtB1s_7Visitor11visit_bytespEBg_
FNDA:0,_RNvXNtNtNtNtCseXfsMIIEWXV_9shortener3url11application4dtos7url_dtoNtB2_11CustomErrorNtNtCs2TW8dYrBCkv_4core3fmt7Display3fmt
FNDA:0,_RINvXNvXNvNtNtNtNtCseXfsMIIEWXV_9shortener3url11application4dtos7url_dtos_1__NtB8_10URLBaseDtoNtNtCslQfTJzcUtmx_5serde2de11Deserialize11deserializeNtB3_14___FieldVisitorNtB1w_7Visitor9visit_u64pEBg_
FNDA:0,_RNvXNvXNvNtNtNtNtCseXfsMIIEWXV_9shortener3url11application4dtos7url_dtos_1__NtB7_10URLBaseDtoNtNtCslQfTJzcUtmx_5serde2de11Deserialize11deserializeNtB2_14___FieldVisitorNtB1v_7Visitor9expecting
FNDA:0,_RNvXs0_NvXNvNtNtNtNtCseXfsMIIEWXV_9shortener3url11application4dtos7url_dtos_1__NtBa_10URLBaseDtoNtNtCslQfTJzcUtmx_5serde2de11Deserialize11deserializeNtB5_9___VisitorNtB1y_7Visitor9expecting
FNDA:0,_RNvMs_NtNtNtNtCseXfsMIIEWXV_9shortener3url11application4dtos7url_dtoNtB4_11CustomError3new
FNDA:0,_RINvXs_NvXNvNtNtNtNtCseXfsMIIEWXV_9shortener3url11application4dtos7url_dtos_1__NtBa_10URLBaseDtoNtNtCslQfTJzcUtmx_5serde2de11Deserialize11deserializeNtB5_7___FieldB1w_11deserializeINtNtCscKT0iLiyOWA_10serde_json2de6MapKeyNtNtB2X_4read9SliceReadEEBi_
FNDA:0,_RINvXNvNtNtNtNtCseXfsMIIEWXV_9shortener3url11application4dtos7url_dtos4_1__NtB5_11CustomErrorNtNtCslQfTJzcUtmx_5serde3ser9Serialize9serializeQINtNtCscKT0iLiyOWA_10serde_json3ser10SerializerQINtNtCsgCZNw7TX6xD_5alloc3vec3VechEEEBd_
FNDA:0,_RINvXs0_NvXNvNtNtNtNtCseXfsMIIEWXV_9shortener3url11application4dtos7url_dtos_1__NtBb_10URLBaseDtoNtNtCslQfTJzcUtmx_5serde2de11Deserialize11deserializeNtB6_9___VisitorNtB1z_7Visitor9visit_mapINtNtCscKT0iLiyOWA_10serde_json2de9MapAccessNtNtB37_4read9SliceReadEEBj_
FNDA:0,_RINvXNvNtNtNtNtCseXfsMIIEWXV_9shortener3url11application4dtos7url_dtos2_1__NtB5_10URLInfoDtoNtNtCslQfTJzcUtmx_5serde3ser9Serialize9serializeQINtNtCscKT0iLiyOWA_10serde_json3ser10SerializerQINtNtCsgCZNw7TX6xD_5alloc3vec3VechEEEBd_
FNDA:0,_RINvXs0_NvXNvNtNtNtNtCseXfsMIIEWXV_9shortener3url11application4dtos7url_dtos_1__NtBb_10URLBaseDtoNtNtCslQfTJzcUtmx_5serde2de11Deserialize11deserializeNtB6_9___VisitorNtB1z_7Visitor9visit_seqINtNtCscKT0iLiyOWA_10serde_json2de9SeqAccessNtNtB37_4read9SliceReadEEBj_
FNDA:0,_RINvXNvNtNtNtNtCseXfsMIIEWXV_9shortener3url11application4dtos7url_dtos_1__NtB5_10URLBaseDtoNtNtCslQfTJzcUtmx_5serde2de11Deserialize11deserializeQINtNtCscKT0iLiyOWA_10serde_json2de12DeserializerNtNtB2o_4read9SliceReadEEBd_
FNDA:0,_RINvXNvXNvNtNtNtNtCseXfsMIIEWXV_9shortener3url11application4dtos7url_dtos_1__NtB8_10URLBaseDtoNtNtCslQfTJzcUtmx_5serde2de11Deserialize11deserializeNtB3_14___FieldVisitorNtB1w_7Visitor9visit_strNtNtCscKT0iLiyOWA_10serde_json5error5ErrorEBg_
FNF:16
FNH:6
DA:5,10
DA:12,0
DA:20,3
DA:29,1
DA:36,1
DA:37,1
DA:38,1
DA:42,2
DA:43,2
DA:44,2
DA:45,2
DA:46,2
DA:47,2
BRF:0
BRH:0
LF:23
LH:13
end_of_record
SF:/home/jordi/works/rust/rustcut/src/url/application/mappers/mappers.rs
FN:28,_RNvNtNtNtNtNtCsj8D8oY7Jkn7_9shortener3url11application7mappers7mappers5testss_34map_url_to_dto_builds_correct_urls
FN:27,_RNCNvNtNtNtNtNtCsj8D8oY7Jkn7_9shortener3url11application7mappers7mappers5tests34map_url_to_dto_builds_correct_urls0Bd_
FN:6,_RNvNtNtNtNtCsj8D8oY7Jkn7_9shortener3url11application7mappers7mappers14map_url_to_dto
FN:6,_RNvNtNtNtNtCseXfsMIIEWXV_9shortener3url11application7mappers7mappers14map_url_to_dto
FNDA:1,_RNvNtNtNtNtNtCsj8D8oY7Jkn7_9shortener3url11application7mappers7mappers5testss_34map_url_to_dto_builds_correct_urls
FNDA:1,_RNCNvNtNtNtNtNtCsj8D8oY7Jkn7_9shortener3url11application7mappers7mappers5tests34map_url_to_dto_builds_correct_urls0Bd_
FNDA:4,_RNvNtNtNtNtCsj8D8oY7Jkn7_9shortener3url11application7mappers7mappers14map_url_to_dto
FNDA:0,_RNvNtNtNtNtCseXfsMIIEWXV_9shortener3url11application7mappers7mappers14map_url_to_dto
FNF:3
FNH:3
DA:6,4
DA:7,4
DA:8,4
DA:9,4
DA:10,4
DA:11,4
DA:12,4
DA:13,4
DA:14,4
DA:15,4
DA:16,4
DA:17,4
DA:18,4
DA:19,4
DA:20,4
DA:27,1
DA:28,1
DA:29,1
DA:30,1
DA:31,1
DA:32,1
DA:33,1
DA:34,1
DA:35,1
BRF:0
BRH:0
LF:24
LH:24
end_of_record
SF:/home/jordi/works/rust/rustcut/src/url/domain/models/schema.rs
FN:20,_RINvXNvNtNtNtNtCsj8D8oY7Jkn7_9shortener3url6domain6models6schemas2_1__NtB5_7UsedKeyNtNtCslQfTJzcUtmx_5serde3ser9Serialize9serializepEBd_
FN:15,_RINvXNvXNvNtNtNtNtCsj8D8oY7Jkn7_9shortener3url6domain6models6schemas1_1__NtB8_12GeneratedKeyNtNtCslQfTJzcUtmx_5serde2de11Deserialize11deserializeNtB3_14___FieldVisitorNtB1u_7Visitor11visit_bytespEBg_
FN:15,_RINvXs_NvXNvNtNtNtNtCsj8D8oY7Jkn7_9shortener3url6domain6models6schemas1_1__NtBa_12GeneratedKeyNtNtCslQfTJzcUtmx_5serde2de11Deserialize11deserializeNtB5_7___FieldB1u_11deserializepEBi_
FN:20,_RINvXNvXNvNtNtNtNtCsj8D8oY7Jkn7_9shortener3url6domain6models6schemas3_1__NtB8_7UsedKeyNtNtCslQfTJzcUtmx_5serde2de11Deserialize11deserializeNtB3_14___FieldVisitorNtB1o_7Visitor9visit_u64pEBg_
FN:15,_RINvXs0_NvXNvNtNtNtNtCsj8D8oY7Jkn7_9shortener3url6domain6models6schemas1_1__NtBb_12GeneratedKeyNtNtCslQfTJzcUtmx_5serde2de11Deserialize11deserializeNtB6_9___VisitorNtB1x_7Visitor9visit_mappEBj_
FN:5,_RNvXNvXNvNtNtNtNtCsj8D8oY7Jkn7_9shortener3url6domain6models6schemas_1__NtB7_3URLNtNtCslQfTJzcUtmx_5serde2de11Deserialize11deserializeNtB2_14___FieldVisitorNtB1i_7Visitor9expecting
FN:15,_RNvXNvXNvNtNtNtNtCsj8D8oY7Jkn7_9shortener3url6domain6models6schemas1_1__NtB7_12GeneratedKeyNtNtCslQfTJzcUtmx_5serde2de11Deserialize11deserializeNtB2_14___FieldVisitorNtB1t_7Visitor9expecting
FN:20,_RNvXININtNtNtNtCsj8D8oY7Jkn7_9shortener3url6domain6models6schemas6_0pENtB5_7UsedKeyINtNtCsbpGuKsRv2D4_9sqlx_core8from_row7FromRowpE8from_rowBd_
FN:20,_RINvXNvNtNtNtNtCsj8D8oY7Jkn7_9shortener3url6domain6models6schemas3_1__NtB5_7UsedKeyNtNtCslQfTJzcUtmx_5serde2de11Deserialize11deserializepEBd_
FN:15,_RINvXNvNtNtNtNtCsj8D8oY7Jkn7_9shortener3url6domain6models6schemas1_1__NtB5_12GeneratedKeyNtNtCslQfTJzcUtmx_5serde2de11Deserialize11deserializepEBd_
FN:15,_RINvXs0_NvXNvNtNtNtNtCsj8D8oY7Jkn7_9shortener3url6domain6models6schemas1_1__NtBb_12GeneratedKeyNtNtCslQfTJzcUtmx_5serde2de11Deserialize11deserializeNtB6_9___VisitorNtB1x_7Visitor9visit_seqpEBj_
FN:20,_RNvXs5_NtNtNtNtCsj8D8oY7Jkn7_9shortener3url6domain6models6schemaNtB5_7UsedKeyNtNtCs2TW8dYrBCkv_4core3fmt5Debug3fmtBd_
FN:5,_RINvXNvXNvNtNtNtNtCsj8D8oY7Jkn7_9shortener3url6domain6models6schemas_1__NtB8_3URLNtNtCslQfTJzcUtmx_5serde2de11Deserialize11deserializeNtB3_14___FieldVisitorNtB1j_7Visitor9visit_u64pEBg_
FN:20,_RINvXs0_NvXNvNtNtNtNtCsj8D8oY7Jkn7_9shortener3url6domain6models6schemas3_1__NtBb_7UsedKeyNtNtCslQfTJzcUtmx_5serde2de11Deserialize11deserializeNtB6_9___VisitorNtB1r_7Visitor9visit_mappEBj_
FN:15,_RNvXs2_NtNtNtNtCsj8D8oY7Jkn7_9shortener3url6domain6models6schemaNtB5_12GeneratedKeyNtNtCs2TW8dYrBCkv_4core3fmt5Debug3fmtBd_
FN:15,_RNvXs0_NvXNvNtNtNtNtCsj8D8oY7Jkn7_9shortener3url6domain6models6schemas1_1__NtBa_12GeneratedKeyNtNtCslQfTJzcUtmx_5serde2de11Deserialize11deserializeNtB5_9___VisitorNtB1w_7Visitor9expecting
FN:15,_RINvXNvXNvNtNtNtNtCsj8D8oY7Jkn7_9shortener3url6domain6models6schemas1_1__NtB8_12GeneratedKeyNtNtCslQfTJzcUtmx_5serde2de11Deserialize11deserializeNtB3_14___FieldVisitorNtB1u_7Visitor9visit_strpEBg_
FN:20,_RINvXNvXNvNtNtNtNtCsj8D8oY7Jkn7_9shortener3url6domain6models6schemas3_1__NtB8_7UsedKeyNtNtCslQfTJzcUtmx_5serde2de11Deserialize11deserializeNtB3_14___FieldVisitorNtB1o_7Visitor11visit_bytespEBg_
FN:20,_RINvXNvXNvNtNtNtNtCsj8D8oY7Jkn7_9shortener3url6domain6models6schemas3_1__NtB8_7UsedKeyNtNtCslQfTJzcUtmx_5serde2de11Deserialize11deserializeNtB3_14___FieldVisitorNtB1o_7Visitor9visit_strpEBg_
FN:20,_RINvXs_NvXNvNtNtNtNtCsj8D8oY7Jkn7_9shortener3url6domain6models6schemas3_1__NtBa_7UsedKeyNtNtCslQfTJzcUtmx_5serde2de11Deserialize11deserializeNtB5_7___FieldB1o_11deserializepEBi_
FN:15,_RINvXNvXNvNtNtNtNtCsj8D8oY7Jkn7_9shortener3url6domain6models6schemas1_1__NtB8_12GeneratedKeyNtNtCslQfTJzcUtmx_5serde2de11Deserialize11deserializeNtB3_14___FieldVisitorNtB1u_7Visitor9visit_u64pEBg_
FN:20,_RINvXs0_NvXNvNtNtNtNtCsj8D8oY7Jkn7_9shortener3url6domain6models6schemas3_1__NtBb_7UsedKeyNtNtCslQfTJzcUtmx_5serde2de11Deserialize11deserializeNtB6_9___VisitorNtB1r_7Visitor9visit_seqpEBj_
FN:15,_RNvXs1_NtNtNtNtCsj8D8oY7Jkn7_9shortener3url6domain6models6schemaNtB5_12GeneratedKeyNtNtCs2TW8dYrBCkv_4core5clone5Clone5cloneBd_
FN:20,_RNvXs4_NtNtNtNtCsj8D8oY7Jkn7_9shortener3url6domain6models6schemaNtB5_7UsedKeyNtNtCs2TW8dYrBCkv_4core5clone5Clone5cloneBd_
FN:20,_RNvXNvXNvNtNtNtNtCsj8D8oY7Jkn7_9shortener3url6domain6models6schemas3_1__NtB7_7UsedKeyNtNtCslQfTJzcUtmx_5serde2de11Deserialize11deserializeNtB2_14___FieldVisitorNtB1n_7Visitor9expecting
FN:20,_RNvXs0_NvXNvNtNtNtNtCsj8D8oY7Jkn7_9shortener3url6domain6models6schemas3_1__NtBa_7UsedKeyNtNtCslQfTJzcUtmx_5serde2de11Deserialize11deserializeNtB5_9___VisitorNtB1q_7Visitor9expecting
FN:5,_RINvXNvXNvNtNtNtNtCsj8D8oY7Jkn7_9shortener3url6domain6models6schemas_1__NtB8_3URLNtNtCslQfTJzcUtmx_5serde2de11Deserialize11deserializeNtB3_14___FieldVisitorNtB1j_7Visitor11visit_bytespEBg_
FN:15,_RINvXNvNtNtNtNtCsj8D8oY7Jkn7_9shortener3url6domain6models6schemas0_1__NtB5_12GeneratedKeyNtNtCslQfTJzcUtmx_5serde3ser9Serialize9serializepEBd_
FN:32,_RNvNtNtNtNtNtCsj8D8oY7Jkn7_9shortener3url6domain6models6schema5testss_19url_serde_roundtrip
FN:15,_RNvXs3_NtNtNtNtCsj8D8oY7Jkn7_9shortener3url6domain6models6schemaNtB5_12GeneratedKeyINtNtCsbpGuKsRv2D4_9sqlx_core8from_row7FromRowNtNtCse7L9hfBP1aO_11sqlx_sqlite3row9SqliteRowE8from_rowBd_
FN:5,_RNvXs0_NtNtNtNtCsj8D8oY7Jkn7_9shortener3url6domain6models6schemaNtB5_3URLINtNtCsbpGuKsRv2D4_9sqlx_core8from_row7FromRowNtNtCse7L9hfBP1aO_11sqlx_sqlite3row9SqliteRowE8from_rowBd_
FN:5,_RINvXs0_NvXNvNtNtNtNtCsj8D8oY7Jkn7_9shortener3url6domain6models6schemas_1__NtBb_3URLNtNtCslQfTJzcUtmx_5serde2de11Deserialize11deserializeNtB6_9___VisitorNtB1m_7Visitor9visit_seqINtNtCscKT0iLiyOWA_10serde_json2de9SeqAccessNtNtB2U_4read7StrReadEEBj_
FN:5,_RINvXs0_NvXNvNtNtNtNtCsj8D8oY7Jkn7_9shortener3url6domain6models6schemas_1__NtBb_3URLNtNtCslQfTJzcUtmx_5serde2de11Deserialize11deserializeNtB6_9___VisitorNtB1m_7Visitor9visit_mapINtNtCscKT0iLiyOWA_10serde_json2de9MapAccessNtNtB2U_4read7StrReadEEBj_
FN:5,_RINvXNvNtNtNtNtCsj8D8oY7Jkn7_9shortener3url6domain6models6schemas_1__NtB5_3URLNtNtCslQfTJzcUtmx_5serde2de11Deserialize11deserializeQINtNtCscKT0iLiyOWA_10serde_json2de12DeserializerNtNtB2b_4read7StrReadEEBd_
FN:5,_RINvXNvXNvNtNtNtNtCsj8D8oY7Jkn7_9shortener3url6domain6models6schemas_1__NtB8_3URLNtNtCslQfTJzcUtmx_5serde2de11Deserialize11deserializeNtB3_14___FieldVisitorNtB1j_7Visitor9visit_strNtNtCscKT0iLiyOWA_10serde_json5error5ErrorEBg_
FN:5,_RINvXs_NvXNvNtNtNtNtCsj8D8oY7Jkn7_9shortener3url6domain6models6schemas_1__NtBa_3URLNtNtCslQfTJzcUtmx_5serde2de11Deserialize11deserializeNtB5_7___FieldB1j_11deserializeINtNtCscKT0iLiyOWA_10serde_json2de6MapKeyNtNtB2K_4read7StrReadEEBi_
FN:5,_RINvXNvNtNtNtNtCsj8D8oY7Jkn7_9shortener3url6domain6models6schema1__NtB5_3URLNtNtCslQfTJzcUtmx_5serde3ser9Serialize9serializeQINtNtCscKT0iLiyOWA_10serde_json3ser10SerializerQINtNtCsgCZNw7TX6xD_5alloc3vec3VechEEEBd_
FN:5,_RNvXs0_NvXNvNtNtNtNtCsj8D8oY7Jkn7_9shortener3url6domain6models6schemas_1__NtBa_3URLNtNtCslQfTJzcUtmx_5serde2de11Deserialize11deserializeNtB5_9___VisitorNtB1l_7Visitor9expecting
FN:5,_RNvXNtNtNtNtCsj8D8oY7Jkn7_9shortener3url6domain6models6schemaNtB2_3URLNtNtCs2TW8dYrBCkv_4core5clone5Clone5cloneBa_
FN:5,_RNvXs_NtNtNtNtCsj8D8oY7Jkn7_9shortener3url6domain6models6schemaNtB4_3URLNtNtCs2TW8dYrBCkv_4core3fmt5Debug3fmtBc_
FN:31,_RNCNvNtNtNtNtNtCsj8D8oY7Jkn7_9shortener3url6domain6models6schema5tests19url_serde_roundtrip0Bd_
FN:20,_RNvXNvXNvNtNtNtNtCseXfsMIIEWXV_9shortener3url6domain6models6schemas3_1__NtB7_7UsedKeyNtNtCslQfTJzcUtmx_5serde2de11Deserialize11deserializeNtB2_14___FieldVisitorNtB1n_7Visitor9expecting
FN:5,_RINvXNvXNvNtNtNtNtCseXfsMIIEWXV_9shortener3url6domain6models6schemas_1__NtB8_3URLNtNtCslQfTJzcUtmx_5serde2de11Deserialize11deserializeNtB3_14___FieldVisitorNtB1j_7Visitor9visit_strpEBg_
FN:5,_RINvXs0_NvXNvNtNtNtNtCseXfsMIIEWXV_9shortener3url6domain6models6schemas_1__NtBb_3URLNtNtCslQfTJzcUtmx_5serde2de11Deserialize11deserializeNtB6_9___VisitorNtB1m_7Visitor9visit_mappEBj_
FN:5,_RINvXNvNtNtNtNtCseXfsMIIEWXV_9shortener3url6domain6models6schemas_1__NtB5_3URLNtNtCslQfTJzcUtmx_5serde2de11Deserialize11deserializepEBd_
FN:20,_RINvXNvNtNtNtNtCseXfsMIIEWXV_9shortener3url6domain6models6schemas3_1__NtB5_7UsedKeyNtNtCslQfTJzcUtmx_5serde2de11Deserialize11deserializepEBd_
FN:5,_RINvXNvXNvNtNtNtNtCseXfsMIIEWXV_9shortener3url6domain6models6schemas_1__NtB8_3URLNtNtCslQfTJzcUtmx_5serde2de11Deserialize11deserializeNtB3_14___FieldVisitorNtB1j_7Visitor9visit_u64pEBg_
FN:15,_RINvXs_NvXNvNtNtNtNtCseXfsMIIEWXV_9shortener3url6domain6models6schemas1_1__NtBa_12GeneratedKeyNtNtCslQfTJzcUtmx_5serde2de11Deserialize11deserializeNtB5_7___FieldB1u_11deserializepEBi_
FN:15,_RNvXNvXNvNtNtNtNtCseXfsMIIEWXV_9shortener3url6domain6models6schemas1_1__NtB7_12GeneratedKeyNtNtCslQfTJzcUtmx_5serde2de11Deserialize11deserializeNtB2_14___FieldVisitorNtB1t_7Visitor9expecting
FN:5,_RNvXNtNtNtNtCseXfsMIIEWXV_9shortener3url6domain6models6schemaNtB2_3URLNtNtCs2TW8dYrBCkv_4core5clone5Clone5cloneBa_
FN:15,_RNvXs0_NvXNvNtNtNtNtCseXfsMIIEWXV_9shortener3url6domain6models6schemas1_1__NtBa_12GeneratedKeyNtNtCslQfTJzcUtmx_5serde2de11Deserialize11deserializeNtB5_9___VisitorNtB1w_7Visitor9expecting
[...]
FN:4,_RINvXs0_NvXNvNtNtNtNtCsj8D8oY7Jkn7_9shortener4user6domain6models4users_1__NtBb_4UserNtNtCslQfTJzcUtmx_5serde2de11Deserialize11deserializeNtB6_9___VisitorNtB1m_7Visitor9visit_seqpEBj_
FN:4,_RINvXs_NvXNvNtNtNtNtCsj8D8oY7Jkn7_9shortener4user6domain6models4users_1__NtBa_4UserNtNtCslQfTJzcUtmx_5serde2de11Deserialize11deserializeNtB5_7___FieldB1j_11deserializepEBi_
FN:4,_RINvXNvXNvNtNtNtNtCsj8D8oY7Jkn7_9shortener4user6domain6models4users_1__NtB8_4UserNtNtCslQfTJzcUtmx_5serde2de11Deserialize11deserializeNtB3_14___FieldVisitorNtB1j_7Visitor9visit_strpEBg_
FN:4,_RINvXNvXNvNtNtNtNtCsj8D8oY7Jkn7_9shortener4user6domain6models4users_1__NtB8_4UserNtNtCslQfTJzcUtmx_5serde2de11Deserialize11deserializeNtB3_14___FieldVisitorNtB1j_7Visitor9visit_u64pEBg_
FN:4,_RNvXs_NtNtNtNtCsj8D8oY7Jkn7_9shortener4user6domain6models4userNtB4_4UserINtNtCsbpGuKsRv2D4_9sqlx_core8from_row7FromRowNtNtCse7L9hfBP1aO_11sqlx_sqlite3row9SqliteRowE8from_rowBc_
FN:4,_RNvXNvXNvNtNtNtNtCseXfsMIIEWXV_9shortener4user6domain6models4users_1__NtB7_4UserNtNtCslQfTJzcUtmx_5serde2de11Deserialize11deserializeNtB2_14___FieldVisitorNtB1i_7Visitor9expecting
FN:4,_RNvXs0_NvXNvNtNtNtNtCseXfsMIIEWXV_9shortener4user6domain6models4users_1__NtBa_4UserNtNtCslQfTJzcUtmx_5serde2de11Deserialize11deserializeNtB5_9___VisitorNtB1l_7Visitor9expecting
FN:4,_RINvXNvXNvNtNtNtNtCseXfsMIIEWXV_9shortener4user6domain6models4users_1__NtB8_4UserNtNtCslQfTJzcUtmx_5serde2de11Deserialize11deserializeNtB3_14___FieldVisitorNtB1j_7Visitor11visit_bytespEBg_
FN:4,_RINvXs_NvXNvNtNtNtNtCseXfsMIIEWXV_9shortener4user6domain6models4users_1__NtBa_4UserNtNtCslQfTJzcUtmx_5serde2de11Deserialize11deserializeNtB5_7___FieldB1j_11deserializepEBi_
FN:4,_RINvXNvNtNtNtNtCseXfsMIIEWXV_9shortener4user6domain6models4user1__NtB5_4UserNtNtCslQfTJzcUtmx_5serde3ser9Serialize9serializepEBd_
FN:4,_RINvXs0_NvXNvNtNtNtNtCseXfsMIIEWXV_9shortener4user6domain6models4users_1__NtBb_4UserNtNtCslQfTJzcUtmx_5serde2de11Deserialize11deserializeNtB6_9___VisitorNtB1m_7Visitor9visit_seqpEBj_
FN:4,_RINvXNvNtNtNtNtCseXfsMIIEWXV_9shortener4user6domain6models4users_1__NtB5_4UserNtNtCslQfTJzcUtmx_5serde2de11Deserialize11deserializepEBd_
FN:4,_RINvXs0_NvXNvNtNtNtNtCseXfsMIIEWXV_9shortener4user6domain6models4users_1__NtBb_4UserNtNtCslQfTJzcUtmx_5serde2de11Deserialize11deserializeNtB6_9___VisitorNtB1m_7Visitor9visit_mappEBj_
FN:4,_RINvXNvXNvNtNtNtNtCseXfsMIIEWXV_9shortener4user6domain6models4users_1__NtB8_4UserNtNtCslQfTJzcUtmx_5serde2de11Deserialize11deserializeNtB3_14___FieldVisitorNtB1j_7Visitor9visit_strpEBg_
FN:4,_RINvXNvXNvNtNtNtNtCseXfsMIIEWXV_9shortener4user6domain6models4users_1__NtB8_4UserNtNtCslQfTJzcUtmx_5serde2de11Deserialize11deserializeNtB3_14___FieldVisitorNtB1j_7Visitor9visit_u64pEBg_
FN:4,_RNvXNtNtNtNtCseXfsMIIEWXV_9shortener4user6domain6models4userNtB2_4UserNtNtCs2TW8dYrBCkv_4core3fmt5Debug3fmtBa_
FN:4,_RNvXs_NtNtNtNtCseXfsMIIEWXV_9shortener4user6domain6models4userNtB4_4UserINtNtCsbpGuKsRv2D4_9sqlx_core8from_row7FromRowNtNtCse7L9hfBP1aO_11sqlx_sqlite3row9SqliteRowE8from_rowBc_
FNDA:0,_RINvXs0_NvXNvNtNtNtNtCsj8D8oY7Jkn7_9shortener4user6domain6models4users_1__NtBb_4UserNtNtCslQfTJzcUtmx_5serde2de11Deserialize11deserializeNtB6_9___VisitorNtB1m_7Visitor9visit_mappEBj_
FNDA:0,_RINvXNvNtNtNtNtCsj8D8oY7Jkn7_9shortener4user6domain6models4users_1__NtB5_4UserNtNtCslQfTJzcUtmx_5serde2de11Deserialize11deserializepEBd_
FNDA:0,_RINvXNvXNvNtNtNtNtCsj8D8oY7Jkn7_9shortener4user6domain6models4users_1__NtB8_4UserNtNtCslQfTJzcUtmx_5serde2de11Deserialize11deserializeNtB3_14___FieldVisitorNtB1j_7Visitor11visit_bytespEBg_
FNDA:0,_RNvXNtNtNtNtCsj8D8oY7Jkn7_9shortener4user6domain6models4userNtB2_4UserNtNtCs2TW8dYrBCkv_4core3fmt5Debug3fmtBa_
FNDA:0,_RINvXNvNtNtNtNtCsj8D8oY7Jkn7_9shortener4user6domain6models4user1__NtB5_4UserNtNtCslQfTJzcUtmx_5serde3ser9Serialize9serializepEBd_
FNDA:0,_RNvXNvXNvNtNtNtNtCsj8D8oY7Jkn7_9shortener4user6domain6models4users_1__NtB7_4UserNtNtCslQfTJzcUtmx_5serde2de11Deserialize11deserializeNtB2_14___FieldVisitorNtB1i_7Visitor9expecting
FNDA:0,_RNvXs0_NvXNvNtNtNtNtCsj8D8oY7Jkn7_9shortener4user6domain6models4users_1__NtBa_4UserNtNtCslQfTJzcUtmx_5serde2de11Deserialize11deserializeNtB5_9___VisitorNtB1l_7Visitor9expecting
FNDA:0,_RINvXs0_NvXNvNtNtNtNtCsj8D8oY7Jkn7_9shortener4user6domain6models4users_1__NtBb_4UserNtNtCslQfTJzcUtmx_5serde2de11Deserialize11deserializeNtB6_9___VisitorNtB1m_7Visitor9visit_seqpEBj_
FNDA:0,_RINvXs_NvXNvNtNtNtNtCsj8D8oY7Jkn7_9shortener4user6domain6models4users_1__NtBa_4UserNtNtCslQfTJzcUtmx_5serde2de11Deserialize11deserializeNtB5_7___FieldB1j_11deserializepEBi_
FNDA:0,_RINvXNvXNvNtNtNtNtCsj8D8oY7Jkn7_9shortener4user6domain6models4users_1__NtB8_4UserNtNtCslQfTJzcUtmx_5serde2de11Deserialize11deserializeNtB3_14___FieldVisitorNtB1j_7Visitor9visit_strpEBg_
FNDA:0,_RINvXNvXNvNtNtNtNtCsj8D8oY7Jkn7_9shortener4user6domain6models4users_1__NtB8_4UserNtNtCslQfTJzcUtmx_5serde2de11Deserialize11deserializeNtB3_14___FieldVisitorNtB1j_7Visitor9visit_u64pEBg_
FNDA:2,_RNvXs_NtNtNtNtCsj8D8oY7Jkn7_9shortener4user6domain6models4userNtB4_4UserINtNtCsbpGuKsRv2D4_9sqlx_core8from_row7FromRowNtNtCse7L9hfBP1aO_11sqlx_sqlite3row9SqliteRowE8from_rowBc_
FNDA:0,_RNvXNvXNvNtNtNtNtCseXfsMIIEWXV_9shortener4user6domain6models4users_1__NtB7_4UserNtNtCslQfTJzcUtmx_5serde2de11Deserialize11deserializeNtB2_14___FieldVisitorNtB1i_7Visitor9expecting
FNDA:0,_RNvXs0_NvXNvNtNtNtNtCseXfsMIIEWXV_9shortener4user6domain6models4users_1__NtBa_4UserNtNtCslQfTJzcUtmx_5serde2de11Deserialize11deserializeNtB5_9___VisitorNtB1l_7Visitor9expecting
FNDA:0,_RINvXNvXNvNtNtNtNtCseXfsMIIEWXV_9shortener4user6domain6models4users_1__NtB8_4UserNtNtCslQfTJzcUtmx_5serde2de11Deserialize11deserializeNtB3_14___FieldVisitorNtB1j_7Visitor11visit_bytespEBg_
FNDA:0,_RINvXs_NvXNvNtNtNtNtCseXfsMIIEWXV_9shortener4user6domain6models4users_1__NtBa_4UserNtNtCslQfTJzcUtmx_5serde2de11Deserialize11deserializeNtB5_7___FieldB1j_11deserializepEBi_
FNDA:0,_RINvXNvNtNtNtNtCseXfsMIIEWXV_9shortener4user6domain6models4user1__NtB5_4UserNtNtCslQfTJzcUtmx_5serde3ser9Serialize9serializepEBd_
FNDA:0,_RINvXs0_NvXNvNtNtNtNtCseXfsMIIEWXV_9shortener4user6domain6models4users_1__NtBb_4UserNtNtCslQfTJzcUtmx_5serde2de11Deserialize11deserializeNtB6_9___VisitorNtB1m_7Visitor9visit_seqpEBj_
FNDA:0,_RINvXNvNtNtNtNtCseXfsMIIEWXV_9shortener4user6domain6models4users_1__NtB5_4UserNtNtCslQfTJzcUtmx_5serde2de11Deserialize11deserializepEBd_
FNDA:0,_RINvXs0_NvXNvNtNtNtNtCseXfsMIIEWXV_9shortener4user6domain6models4users_1__NtBb_4UserNtNtCslQfTJzcUtmx_5serde2de11Deserialize11deserializeNtB6_9___VisitorNtB1m_7Visitor9visit_mappEBj_
FNDA:0,_RINvXNvXNvNtNtNtNtCseXfsMIIEWXV_9shortener4user6domain6models4users_1__NtB8_4UserNtNtCslQfTJzcUtmx_5serde2de11Deserialize11deserializeNtB3_14___FieldVisitorNtB1j_7Visitor9visit_strpEBg_
FNDA:0,_RINvXNvXNvNtNtNtNtCseXfsMIIEWXV_9shortener4user6domain6models4users_1__NtB8_4UserNtNtCslQfTJzcUtmx_5serde2de11Deserialize11deserializeNtB3_14___FieldVisitorNtB1j_7Visitor9visit_u64pEBg_
FNDA:0,_RNvXNtNtNtNtCseXfsMIIEWXV_9shortener4user6domain6models4userNtB2_4UserNtNtCs2TW8dYrBCkv_4core3fmt5Debug3fmtBa_
FNDA:0,_RNvXs_NtNtNtNtCseXfsMIIEWXV_9shortener4user6domain6models4userNtB4_4UserINtNtCsbpGuKsRv2D4_9sqlx_core8from_row7FromRowNtNtCse7L9hfBP1aO_11sqlx_sqlite3row9SqliteRowE8from_rowBc_
FNF:4
FNH:1
DA:4,2
BRF:0
BRH:0
LF:4
LH:1
end_of_record
SF:/home/jordi/works/rust/rustcut/src/user/domain/services/user_service.rs
FN:71,_RNCNvXs_NtNtNtNtNtCsj8D8oY7Jkn7_9shortener4user6domain8services12user_service5testsNtB6_12FakeUserRepoNtNtNtBc_12repositories20user_repository_port18UserRepositoryPort9get_users0Bg_
FN:79,_RNCNvXs_NtNtNtNtNtCsj8D8oY7Jkn7_9shortener4user6domain8services12user_service5testsNtB6_12FakeUserRepoNtNtNtBc_12repositories20user_repository_port18UserRepositoryPort11delete_user0Bg_
FN:84,_RNCNCNvXs_NtNtNtNtNtCsj8D8oY7Jkn7_9shortener4user6domain8services12user_service5testsNtB8_12FakeUserRepoNtNtNtBe_12repositories20user_repository_port18UserRepositoryPort11delete_user00Bi_
FN:55,_RNCNvXs_NtNtNtNtNtCsj8D8oY7Jkn7_9shortener4user6domain8services12user_service5testsNtB6_12FakeUserRepoNtNtNtBc_12repositories20user_repository_port18UserRepositoryPort11create_user0Bg_
FN:90,_RNCNvNtNtNtNtNtCsj8D8oY7Jkn7_9shortener4user6domain8services12user_service5testss_30user_service_create_get_delete0Bd_
FN:89,_RNCNvNtNtNtNtNtCsj8D8oY7Jkn7_9shortener4user6domain8services12user_service5tests30user_service_create_get_delete0Bd_
FN:90,_RNvNtNtNtNtNtCsj8D8oY7Jkn7_9shortener4user6domain8services12user_service5testss_30user_service_create_get_delete
FN:45,_RNvMNtNtNtNtNtCsj8D8oY7Jkn7_9shortener4user6domain8services12user_service5testsNtB2_12FakeUserRepo3new
FN:17,_RNCNvMNtNtNtNtCsj8D8oY7Jkn7_9shortener4user6domain8services12user_serviceNtB4_11UserService11create_user0Bc_
FN:22,_RNCNvMNtNtNtNtCsj8D8oY7Jkn7_9shortener4user6domain8services12user_serviceNtB4_11UserService9get_users0Bc_
FN:26,_RNCNvMNtNtNtNtCsj8D8oY7Jkn7_9shortener4user6domain8services12user_serviceNtB4_11UserService11delete_user0Bc_
FN:13,_RNvMNtNtNtNtCsj8D8oY7Jkn7_9shortener4user6domain8services12user_serviceNtB2_11UserService3new
FN:17,_RNvMNtNtNtNtCsj8D8oY7Jkn7_9shortener4user6domain8services12user_serviceNtB2_11UserService11create_user
FN:22,_RNvMNtNtNtNtCsj8D8oY7Jkn7_9shortener4user6domain8services12user_serviceNtB2_11UserService9get_users
FN:7,_RNvXs_NtNtNtNtCsj8D8oY7Jkn7_9shortener4user6domain8services12user_serviceNtB4_11UserServiceNtNtCs2TW8dYrBCkv_4core5clone5Clone5cloneBc_
FN:26,_RNvMNtNtNtNtCsj8D8oY7Jkn7_9shortener4user6domain8services12user_serviceNtB2_11UserService11delete_user
FN:26,_RNCNvMNtNtNtNtCseXfsMIIEWXV_9shortener4user6domain8services12user_serviceNtB4_11UserService11delete_user0Bc_
FN:17,_RNCNvMNtNtNtNtCseXfsMIIEWXV_9shortener4user6domain8services12user_serviceNtB4_11UserService11create_user0Bc_
FN:22,_RNCNvMNtNtNtNtCseXfsMIIEWXV_9shortener4user6domain8services12user_serviceNtB4_11UserService9get_users0Bc_
FN:17,_RNvMNtNtNtNtCseXfsMIIEWXV_9shortener4user6domain8services12user_serviceNtB2_11UserService11create_user
FN:13,_RNvMNtNtNtNtCseXfsMIIEWXV_9shortener4user6domain8services12user_serviceNtB2_11UserService3new
FN:26,_RNvMNtNtNtNtCseXfsMIIEWXV_9shortener4user6domain8services12user_serviceNtB2_11UserService11delete_user
FN:22,_RNvMNtNtNtNtCseXfsMIIEWXV_9shortener4user6domain8services12user_serviceNtB2_11UserService9get_users
FN:7,_RNvXs_NtNtNtNtCseXfsMIIEWXV_9shortener4user6domain8services12user_serviceNtB4_11UserServiceNtNtCs2TW8dYrBCkv_4core5clone5Clone5cloneBc_
FNDA:2,_RNCNvXs_NtNtNtNtNtCsj8D8oY7Jkn7_9shortener4user6domain8services12user_service5testsNtB6_12FakeUserRepoNtNtNtBc_12repositories20user_repository_port18UserRepositoryPort9get_users0Bg_
FNDA:0,_RNCNvXs_NtNtNtNtNtCsj8D8oY7Jkn7_9shortener4user6domain8services12user_service5testsNtB6_12FakeUserRepoNtNtNtBc_12repositories20user_repository_port18UserRepositoryPort11delete_user0Bg_
FNDA:1,_RNCNCNvXs_NtNtNtNtNtCsj8D8oY7Jkn7_9shortener4user6domain8services12user_service5testsNtB8_12FakeUserRepoNtNtNtBe_12repositories20user_repository_port18UserRepositoryPort11delete_user00Bi_
FNDA:1,_RNCNvXs_NtNtNtNtNtCsj8D8oY7Jkn7_9shortener4user6domain8services12user_service5testsNtB6_12FakeUserRepoNtNtNtBc_12repositories20user_repository_port18UserRepositoryPort11create_user0Bg_
FNDA:1,_RNCNvNtNtNtNtNtCsj8D8oY7Jkn7_9shortener4user6domain8services12user_service5testss_30user_service_create_get_delete0Bd_
FNDA:1,_RNCNvNtNtNtNtNtCsj8D8oY7Jkn7_9shortener4user6domain8services12user_service5tests30user_service_create_get_delete0Bd_
FNDA:1,_RNvNtNtNtNtNtCsj8D8oY7Jkn7_9shortener4user6domain8services12user_service5testss_30user_service_create_get_delete
FNDA:1,_RNvMNtNtNtNtNtCsj8D8oY7Jkn7_9shortener4user6domain8services12user_service5testsNtB2_12FakeUserRepo3new
FNDA:2,_RNCNvMNtNtNtNtCsj8D8oY7Jkn7_9shortener4user6domain8services12user_serviceNtB4_11UserService11create_user0Bc_
FNDA:4,_RNCNvMNtNtNtNtCsj8D8oY7Jkn7_9shortener4user6domain8services12user_serviceNtB4_11UserService9get_users0Bc_
FNDA:2,_RNCNvMNtNtNtNtCsj8D8oY7Jkn7_9shortener4user6domain8services12user_serviceNtB4_11UserService11delete_user0Bc_
FNDA:3,_RNvMNtNtNtNtCsj8D8oY7Jkn7_9shortener4user6domain8services12user_serviceNtB2_11UserService3new
FNDA:2,_RNvMNtNtNtNtCsj8D8oY7Jkn7_9shortener4user6domain8services12user_serviceNtB2_11UserService11create_user
FNDA:4,_RNvMNtNtNtNtCsj8D8oY7Jkn7_9shortener4user6domain8services12user_serviceNtB2_11UserService9get_users
FNDA:2,_RNvXs_NtNtNtNtCsj8D8oY7Jkn7_9shortener4user6domain8services12user_serviceNtB4_11UserServiceNtNtCs2TW8dYrBCkv_4core5clone5Clone5cloneBc_
FNDA:2,_RNvMNtNtNtNtCsj8D8oY7Jkn7_9shortener4user6domain8services12user_serviceNtB2_11UserService11delete_user
FNDA:0,_RNCNvMNtNtNtNtCseXfsMIIEWXV_9shortener4user6domain8services12user_serviceNtB4_11UserService11delete_user0Bc_
FNDA:0,_RNCNvMNtNtNtNtCseXfsMIIEWXV_9shortener4user6domain8services12user_serviceNtB4_11UserService11create_user0Bc_
FNDA:0,_RNCNvMNtNtNtNtCseXfsMIIEWXV_9shortener4user6domain8services12user_serviceNtB4_11UserService9get_users0Bc_
FNDA:0,_RNvMNtNtNtNtCseXfsMIIEWXV_9shortener4user6domain8services12user_serviceNtB2_11UserService11create_user
FNDA:0,_RNvMNtNtNtNtCseXfsMIIEWXV_9shortener4user6domain8services12user_serviceNtB2_11UserService3new
FNDA:0,_RNvMNtNtNtNtCseXfsMIIEWXV_9shortener4user6domain8services12user_serviceNtB2_11UserService11delete_user
FNDA:0,_RNvMNtNtNtNtCseXfsMIIEWXV_9shortener4user6domain8services12user_serviceNtB2_11UserService9get_users
FNDA:0,_RNvXs_NtNtNtNtCseXfsMIIEWXV_9shortener4user6domain8services12user_serviceNtB4_11UserServiceNtNtCs2TW8dYrBCkv_4core5clone5Clone5cloneBc_
FNF:16
FNH:15
DA:7,2
DA:13,3
DA:14,3
DA:15,3
DA:17,2
DA:18,2
DA:19,2
DA:20,2
DA:22,4
DA:23,4
DA:24,4
DA:26,2
DA:27,2
DA:28,2
DA:45,1
DA:46,1
DA:47,1
DA:48,1
DA:49,1
DA:50,1
DA:55,1
DA:71,2
DA:79,1
DA:84,1
DA:89,1
DA:90,1
DA:91,1
DA:92,1
DA:93,1
DA:94,1
DA:95,1
DA:97,1
DA:98,1
DA:99,1
DA:100,1
DA:101,1
DA:103,1
DA:104,1
DA:105,1
DA:107,1
BRF:0
BRH:0
LF:44
LH:44
end_of_record
SF:/home/jordi/works/rust/rustcut/src/user/infra/sqlx_user_repository.rs
FN:13,_RNvMNtNtNtCsj8D8oY7Jkn7_9shortener4user5infra20sqlx_user_repositoryNtB2_18SqlxUserRepository3new
FN:67,_RNvNtNtNtNtCsj8D8oY7Jkn7_9shortener4user5infra20sqlx_user_repository5testss_38create_get_and_delete_user_integration
FN:66,_RNCNvNtNtNtNtCsj8D8oY7Jkn7_9shortener4user5infra20sqlx_user_repository5tests38create_get_and_delete_user_integration0Bb_
FN:85,_RNCNCNvNtNtNtNtCsj8D8oY7Jkn7_9shortener4user5infra20sqlx_user_repository5testss_38create_get_and_delete_user_integration0s_0Bd_
FN:90,_RNCNCNvNtNtNtNtCsj8D8oY7Jkn7_9shortener4user5infra20sqlx_user_repository5testss_38create_get_and_delete_user_integration0s0_0Bd_
FN:67,_RNCNvNtNtNtNtCsj8D8oY7Jkn7_9shortener4user5infra20sqlx_user_repository5testss_38create_get_and_delete_user_integration0Bb_
FN:87,_RNCNCNvNtNtNtNtCsj8D8oY7Jkn7_9shortener4user5infra20sqlx_user_repository5testss_38create_get_and_delete_user_integration00Bd_
FN:41,_RNCNCNvXs_NtNtNtCsj8D8oY7Jkn7_9shortener4user5infra20sqlx_user_repositoryNtB8_18SqlxUserRepositoryNtNtNtNtBc_6domain12repositories20user_repository_port18UserRepositoryPort9get_users00Be_
FN:20,_RNCNvXs_NtNtNtCsj8D8oY7Jkn7_9shortener4user5infra20sqlx_user_repositoryNtB6_18SqlxUserRepositoryNtNtNtNtBa_6domain12repositories20user_repository_port18UserRepositoryPort11create_user0Bc_
FN:13,_RNCNvMNtNtNtCsj8D8oY7Jkn7_9shortener4user5infra20sqlx_user_repositoryNtB4_18SqlxUserRepository3new0Ba_
FN:33,_RNCNvXs_NtNtNtCsj8D8oY7Jkn7_9shortener4user5infra20sqlx_user_repositoryNtB6_18SqlxUserRepositoryNtNtNtNtBa_6domain12repositories20user_repository_port18UserRepositoryPort9get_users0Bc_
FN:49,_RNCNvXs_NtNtNtCsj8D8oY7Jkn7_9shortener4user5infra20sqlx_user_repositoryNtB6_18SqlxUserRepositoryNtNtNtNtBa_6domain12repositories20user_repository_port18UserRepositoryPort11delete_user0Bc_
FN:13,_RNvMNtNtNtCseXfsMIIEWXV_9shortener4user5infra20sqlx_user_repositoryNtB2_18SqlxUserRepository3new
FN:13,_RNCNvMNtNtNtCseXfsMIIEWXV_9shortener4user5infra20sqlx_user_repositoryNtB4_18SqlxUserRepository3new0Ba_
FN:33,_RNCNvXs_NtNtNtCseXfsMIIEWXV_9shortener4user5infra20sqlx_user_repositoryNtB6_18SqlxUserRepositoryNtNtNtNtBa_6domain12repositories20user_repository_port18UserRepositoryPort9get_users0Bc_
FN:49,_RNCNvXs_NtNtNtCseXfsMIIEWXV_9shortener4user5infra20sqlx_user_repositoryNtB6_18SqlxUserRepositoryNtNtNtNtBa_6domain12repositories20user_repository_port18UserRepositoryPort11delete_user0Bc_
FN:41,_RNCNCNvXs_NtNtNtCseXfsMIIEWXV_9shortener4user5infra20sqlx_user_repositoryNtB8_18SqlxUserRepositoryNtNtNtNtBc_6domain12repositories20user_repository_port18UserRepositoryPort9get_users00Be_
FN:20,_RNCNvXs_NtNtNtCseXfsMIIEWXV_9shortener4user5infra20sqlx_user_repositoryNtB6_18SqlxUserRepositoryNtNtNtNtBa_6domain12repositories20user_repository_port18UserRepositoryPort11create_user0Bc_
FNDA:1,_RNvMNtNtNtCsj8D8oY7Jkn7_9shortener4user5infra20sqlx_user_repositoryNtB2_18SqlxUserRepository3new
FNDA:1,_RNvNtNtNtNtCsj8D8oY7Jkn7_9shortener4user5infra20sqlx_user_repository5testss_38create_get_and_delete_user_integration
FNDA:1,_RNCNvNtNtNtNtCsj8D8oY7Jkn7_9shortener4user5infra20sqlx_user_repository5tests38create_get_and_delete_user_integration0Bb_
FNDA:1,_RNCNCNvNtNtNtNtCsj8D8oY7Jkn7_9shortener4user5infra20sqlx_user_repository5testss_38create_get_and_delete_user_integration0s_0Bd_
FNDA:0,_RNCNCNvNtNtNtNtCsj8D8oY7Jkn7_9shortener4user5infra20sqlx_user_repository5testss_38create_get_and_delete_user_integration0s0_0Bd_
FNDA:1,_RNCNvNtNtNtNtCsj8D8oY7Jkn7_9shortener4user5infra20sqlx_user_repository5testss_38create_get_and_delete_user_integration0Bb_
FNDA:1,_RNCNCNvNtNtNtNtCsj8D8oY7Jkn7_9shortener4user5infra20sqlx_user_repository5testss_38create_get_and_delete_user_integration00Bd_
FNDA:1,_RNCNCNvXs_NtNtNtCsj8D8oY7Jkn7_9shortener4user5infra20sqlx_user_repositoryNtB8_18SqlxUserRepositoryNtNtNtNtBc_6domain12repositories20user_repository_port18UserRepositoryPort9get_users00Be_
FNDA:1,_RNCNvXs_NtNtNtCsj8D8oY7Jkn7_9shortener4user5infra20sqlx_user_repositoryNtB6_18SqlxUserRepositoryNtNtNtNtBa_6domain12repositories20user_repository_port18UserRepositoryPort11create_user0Bc_
FNDA:1,_RNCNvMNtNtNtCsj8D8oY7Jkn7_9shortener4user5infra20sqlx_user_repositoryNtB4_18SqlxUserRepository3new0Ba_
FNDA:0,_RNCNvXs_NtNtNtCsj8D8oY7Jkn7_9shortener4user5infra20sqlx_user_repositoryNtB6_18SqlxUserRepositoryNtNtNtNtBa_6domain12repositories20user_repository_port18UserRepositoryPort9get_users0Bc_
FNDA:1,_RNCNvXs_NtNtNtCsj8D8oY7Jkn7_9shortener4user5infra20sqlx_user_repositoryNtB6_18SqlxUserRepositoryNtNtNtNtBa_6domain12repositories20user_repository_port18UserRepositoryPort11delete_user0Bc_
FNDA:0,_RNvMNtNtNtCseXfsMIIEWXV_9shortener4user5infra20sqlx_user_repositoryNtB2_18SqlxUserRepository3new
FNDA:0,_RNCNvMNtNtNtCseXfsMIIEWXV_9shortener4user5infra20sqlx_user_repositoryNtB4_18SqlxUserRepository3new0Ba_
FNDA:0,_RNCNvXs_NtNtNtCseXfsMIIEWXV_9shortener4user5infra20sqlx_user_repositoryNtB6_18SqlxUserRepositoryNtNtNtNtBa_6domain12repositories20user_repository_port18UserRepositoryPort9get_users0Bc_
FNDA:0,_RNCNvXs_NtNtNtCseXfsMIIEWXV_9shortener4user5infra20sqlx_user_repositoryNtB6_18SqlxUserRepositoryNtNtNtNtBa_6domain12repositories20user_repository_port18UserRepositoryPort11delete_user0Bc_
FNDA:0,_RNCNCNvXs_NtNtNtCseXfsMIIEWXV_9shortener4user5infra20sqlx_user_repositoryNtB8_18SqlxUserRepositoryNtNtNtNtBc_6domain12repositories20user_repository_port18UserRepositoryPort9get_users00Be_
FNDA:0,_RNCNvXs_NtNtNtCseXfsMIIEWXV_9shortener4user5infra20sqlx_user_repositoryNtB6_18SqlxUserRepositoryNtNtNtNtBa_6domain12repositories20user_repository_port18UserRepositoryPort11create_user0Bc_
FNF:12
FNH:10
DA:13,1
DA:14,1
DA:15,1
DA:20,1
DA:33,0
DA:41,1
DA:42,1
DA:43,1
DA:44,1
DA:45,1
DA:49,1
DA:66,1
DA:67,1
DA:68,2
DA:70,1
DA:71,1
DA:72,1
DA:73,1
DA:74,1
DA:75,1
DA:76,1
DA:77,2
DA:79,1
DA:80,1
DA:81,3
DA:82,1
DA:84,3
DA:85,1
DA:87,1
DA:88,3
DA:89,3
DA:90,1
DA:92,1
BRF:0
BRH:0
LF:38
LH:36
end_of_record